<?xml version="1.0" encoding="utf-8"?><testsuites><testsuite errors="0" failures="0" hostname="fv-az36" name="pytest" skipped="0" tests="185" time="17.758" timestamp="2020-02-25T20:01:30.842624"><testcase classname="zdevelop.tests.test_api.TestInit" file="zdevelop/tests/test_api.py" line="73" name="test_route_type_error" time="0.002"></testcase><testcase classname="zdevelop.tests.test_api.TestBasicDecoding" file="zdevelop/tests/test_api.py" line="82" name="test_mimetype_known" time="0.016"><system-out>RESPONSE: &lt;Response [200]&gt;

HEADERS:
{}

CONTENT:
b&apos;&apos;
</system-out></testcase><testcase classname="zdevelop.tests.test_api.TestBasicDecoding" file="zdevelop/tests/test_api.py" line="95" name="test_mimetype_unknown" time="0.013"><system-out>RESPONSE: &lt;Response [200]&gt;

HEADERS:
{}

CONTENT:
b&apos;&apos;
</system-out></testcase><testcase classname="zdevelop.tests.test_api.TestBasicDecoding" file="zdevelop/tests/test_api.py" line="108" name="test_no_media" time="0.012"><system-out>RESPONSE: &lt;Response [200]&gt;

HEADERS:
{}

CONTENT:
b&apos;&apos;
</system-out></testcase><testcase classname="zdevelop.tests.test_api.TestBasicDecoding" file="zdevelop/tests/test_api.py" line="119" name="test_decode_error" time="0.014"><system-out>RESPONSE: &lt;Response [400]&gt;

HEADERS:
{
    &quot;error-name&quot;: &quot;RequestValidationError&quot;,
    &quot;error-message&quot;: &quot;Media could not be decoded.&quot;,
    &quot;error-id&quot;: &quot;58e0f494-e1f7-4705-8f28-c91071f3f238&quot;,
    &quot;error-code&quot;: &quot;1003&quot;
}

CONTENT:
b&apos;&apos;
</system-out><system-err>ERROR: (58e0f494-e1f7-4705-8f28-c91071f3f238) - RequestValidationError &quot;Media could not be decoded.&quot;
Traceback (most recent call last):
  File &quot;/opt/hostedtoolcache/Python/3.8.1/x64/lib/python3.8/site-packages/spantools/_content_load.py&quot;, line 46, in _load_content_by_mimetype
    return deserializer(content)
  File &quot;/opt/hostedtoolcache/Python/3.8.1/x64/lib/python3.8/site-packages/spantools/_encoders.py&quot;, line 65, in json_decode
    loaded = rapidjson.loads(content)
rapidjson.JSONDecodeError: Parse error at offset 1: Invalid value.

During handling of the above exception, another exception occurred:

Traceback (most recent call last):
  File &quot;/home/vsts/work/1/s/spanserver/_req_resp.py&quot;, line 148, in media
    loaded, mimetype_decoded = decode_content(  # type: ignore
  File &quot;/opt/hostedtoolcache/Python/3.8.1/x64/lib/python3.8/site-packages/spantools/_content_load.py&quot;, line 93, in decode_content
    content_mimetype = _load_content_by_mimetype(
  File &quot;/opt/hostedtoolcache/Python/3.8.1/x64/lib/python3.8/site-packages/spantools/_content_load.py&quot;, line 48, in _load_content_by_mimetype
    raise ContentDecodeError(f&quot;Error occurred while decoding content as {mimetype}&quot;)
spantools._errors.ContentDecodeError: Error occurred while decoding content as MimeType.JSON

During handling of the above exception, another exception occurred:

Traceback (most recent call last):
  File &quot;/home/vsts/work/1/s/spanserver/_method_wrapper.py&quot;, line 68, in wrapper
    await endpoint_method(self, req, resp, *args, **kwargs)
  File &quot;/home/vsts/work/1/s/zdevelop/tests/test_api.py&quot;, line 124, in on_post
    media = await req.media()
  File &quot;/home/vsts/work/1/s/spanserver/_req_resp.py&quot;, line 160, in media
    raise RequestValidationError(&quot;Media could not be decoded.&quot;)
spantools.errors_api._classes.RequestValidationError: Media could not be decoded.
</system-err></testcase><testcase classname="zdevelop.tests.test_api.TestBasicDecoding" file="zdevelop/tests/test_api.py" line="134" name="test_decode_media_loaded" time="0.013"><system-out>RESPONSE: &lt;Response [200]&gt;

HEADERS:
{}

CONTENT:
b&apos;&apos;
</system-out></testcase><testcase classname="zdevelop.tests.test_api.TestBasicDecoding" file="zdevelop/tests/test_api.py" line="150" name="test_register_mimetype_encoders" time="0.012"><system-out>RESPONSE: &lt;Response [200]&gt;

HEADERS:
{
    &quot;content-type&quot;: &quot;text/csv&quot;,
    &quot;content-length&quot;: &quot;21&quot;
}

CONTENT:
b&apos;key\r\nvalue1\r\nvalue2\r\n&apos;
</system-out></testcase><testcase classname="zdevelop.tests.test_api.TestErrorHandling" file="zdevelop/tests/test_api.py" line="192" name="test_basic_error" time="0.012"><system-out>RESPONSE: &lt;Response [403]&gt;

HEADERS:
{
    &quot;error-name&quot;: &quot;TestCustomError&quot;,
    &quot;error-message&quot;: &quot;Custom Message&quot;,
    &quot;error-id&quot;: &quot;a4ec3e09-c6d7-4aa0-800a-ea694a7a7113&quot;,
    &quot;error-code&quot;: &quot;9999&quot;
}

CONTENT:
b&apos;&apos;
</system-out><system-err>ERROR: (a4ec3e09-c6d7-4aa0-800a-ea694a7a7113) - TestCustomError &quot;Custom Message&quot;
Traceback (most recent call last):
  File &quot;/home/vsts/work/1/s/spanserver/_method_wrapper.py&quot;, line 68, in wrapper
    await endpoint_method(self, req, resp, *args, **kwargs)
  File &quot;/home/vsts/work/1/s/zdevelop/tests/test_api.py&quot;, line 201, in on_get
    raise TestCustomError(&quot;Custom Message&quot;)
test_api.TestErrorHandling.test_basic_error.&lt;locals&gt;.TestCustomError: Custom Message
</system-err></testcase><testcase classname="zdevelop.tests.test_api.TestErrorHandling" file="zdevelop/tests/test_api.py" line="206" name="test_unknown_error" time="0.013"><system-out>RESPONSE: &lt;Response [501]&gt;

HEADERS:
{
    &quot;error-name&quot;: &quot;APIError&quot;,
    &quot;error-message&quot;: &quot;An unknown error occurred.&quot;,
    &quot;error-id&quot;: &quot;5f2c14c9-597f-4a92-a391-42de2c971013&quot;,
    &quot;error-code&quot;: &quot;1000&quot;
}

CONTENT:
b&apos;&apos;
</system-out><system-err>ERROR: (5f2c14c9-597f-4a92-a391-42de2c971013) - APIError &quot;An unknown error occurred.&quot;
Traceback (most recent call last):
  File &quot;/home/vsts/work/1/s/spanserver/_method_wrapper.py&quot;, line 68, in wrapper
    await endpoint_method(self, req, resp, *args, **kwargs)
  File &quot;/home/vsts/work/1/s/zdevelop/tests/test_api.py&quot;, line 211, in on_get
    raise ValueError(&quot;Some Error&quot;)
ValueError: Some Error
</system-err></testcase><testcase classname="zdevelop.tests.test_api.TestErrorHandling" file="zdevelop/tests/test_api.py" line="216" name="test_invalid_method_error" time="0.013"><system-out>RESPONSE: &lt;Response [405]&gt;

HEADERS:
{
    &quot;error-name&quot;: &quot;InvalidMethodError&quot;,
    &quot;error-message&quot;: &quot;&apos;http://;/error&apos; does not support POST&quot;,
    &quot;error-id&quot;: &quot;07d84006-1873-4ba2-a9e9-c24b77391bc9&quot;,
    &quot;error-code&quot;: &quot;1001&quot;
}

CONTENT:
b&apos;&apos;
</system-out><system-err>ERROR: (07d84006-1873-4ba2-a9e9-c24b77391bc9) - InvalidMethodError &quot;&apos;http://;/error&apos; does not support POST&quot;
NoneType: None
</system-err></testcase><testcase classname="zdevelop.tests.test_api.TestErrorHandling" file="zdevelop/tests/test_api.py" line="226" name="test_route_type_data_error" time="0.023"><system-out>RESPONSE: &lt;Response [501]&gt;

HEADERS:
{
    &quot;error-name&quot;: &quot;APIError&quot;,
    &quot;error-message&quot;: &quot;An unknown error occurred.&quot;,
    &quot;error-id&quot;: &quot;0a26d934-f88c-42bb-ae63-e44878b7faf2&quot;,
    &quot;error-code&quot;: &quot;1000&quot;
}

CONTENT:
b&apos;&apos;
</system-out><system-err>ERROR: (0a26d934-f88c-42bb-ae63-e44878b7faf2) - APIError &quot;An unknown error occurred.&quot;
Traceback (most recent call last):
  File &quot;/home/vsts/work/1/s/spanserver/_method_wrapper.py&quot;, line 68, in wrapper
    await endpoint_method(self, req, resp, *args, **kwargs)
  File &quot;/home/vsts/work/1/s/spanserver/_api.py&quot;, line 318, in wrapper
    await route_method(route, http_req, http_resp, **kwargs)
  File &quot;/home/vsts/work/1/s/zdevelop/tests/test_api.py&quot;, line 232, in on_get
    raise TypeError(&quot;Some Error&quot;)
TypeError: Some Error
</system-err></testcase><testcase classname="zdevelop.tests.test_api.TestErrorHandling" file="zdevelop/tests/test_api.py" line="237" name="test_nothing_to_return_error" time="0.014"><system-out>RESPONSE: &lt;Response [400]&gt;

HEADERS:
{
    &quot;error-name&quot;: &quot;NothingToReturnError&quot;,
    &quot;error-message&quot;: &quot;No Data to Return&quot;,
    &quot;error-id&quot;: &quot;1b976a5b-0c77-4794-b5a3-ff83c0049c6a&quot;,
    &quot;error-code&quot;: &quot;1002&quot;
}

CONTENT:
b&apos;&apos;
</system-out><system-err>ERROR: (1b976a5b-0c77-4794-b5a3-ff83c0049c6a) - NothingToReturnError &quot;No Data to Return&quot;
Traceback (most recent call last):
  File &quot;/home/vsts/work/1/s/spanserver/_method_wrapper.py&quot;, line 70, in wrapper
    resp._dump_media()
  File &quot;/home/vsts/work/1/s/spanserver/_req_resp.py&quot;, line 274, in _dump_media
    content, schema, validate = self._resp_calculate_dump_settings()
  File &quot;/home/vsts/work/1/s/spanserver/_req_resp.py&quot;, line 336, in _resp_calculate_dump_settings
    raise NothingToReturnError(&quot;No Data to Return&quot;)
spantools.errors_api._classes.NothingToReturnError: No Data to Return
</system-err></testcase><testcase classname="zdevelop.tests.test_api.TestErrorHandling" file="zdevelop/tests/test_api.py" line="248" name="test_nothing_to_return_error_passed[None]" time="0.016"><system-out>RESPONSE: &lt;Response [400]&gt;

HEADERS:
{
    &quot;error-name&quot;: &quot;NothingToReturnError&quot;,
    &quot;error-message&quot;: &quot;No Data to Return&quot;,
    &quot;error-id&quot;: &quot;577286f9-f8b2-4a02-9984-f9bd5c6f02ad&quot;,
    &quot;error-code&quot;: &quot;1002&quot;
}

CONTENT:
b&apos;&apos;
</system-out><system-err>ERROR: (577286f9-f8b2-4a02-9984-f9bd5c6f02ad) - NothingToReturnError &quot;No Data to Return&quot;
Traceback (most recent call last):
  File &quot;/home/vsts/work/1/s/spanserver/_method_wrapper.py&quot;, line 70, in wrapper
    resp._dump_media()
  File &quot;/home/vsts/work/1/s/spanserver/_req_resp.py&quot;, line 274, in _dump_media
    content, schema, validate = self._resp_calculate_dump_settings()
  File &quot;/home/vsts/work/1/s/spanserver/_req_resp.py&quot;, line 336, in _resp_calculate_dump_settings
    raise NothingToReturnError(&quot;No Data to Return&quot;)
spantools.errors_api._classes.NothingToReturnError: No Data to Return
</system-err></testcase><testcase classname="zdevelop.tests.test_api.TestErrorHandling" file="zdevelop/tests/test_api.py" line="248" name="test_nothing_to_return_error_passed[sent_value1]" time="0.016"><system-out>RESPONSE: &lt;Response [400]&gt;

HEADERS:
{
    &quot;error-name&quot;: &quot;NothingToReturnError&quot;,
    &quot;error-message&quot;: &quot;No Data to Return&quot;,
    &quot;error-id&quot;: &quot;1316701f-d511-4814-88c2-560d7802b006&quot;,
    &quot;error-code&quot;: &quot;1002&quot;
}

CONTENT:
b&apos;&apos;
</system-out><system-err>ERROR: (1316701f-d511-4814-88c2-560d7802b006) - NothingToReturnError &quot;No Data to Return&quot;
Traceback (most recent call last):
  File &quot;/home/vsts/work/1/s/spanserver/_method_wrapper.py&quot;, line 70, in wrapper
    resp._dump_media()
  File &quot;/home/vsts/work/1/s/spanserver/_req_resp.py&quot;, line 274, in _dump_media
    content, schema, validate = self._resp_calculate_dump_settings()
  File &quot;/home/vsts/work/1/s/spanserver/_req_resp.py&quot;, line 336, in _resp_calculate_dump_settings
    raise NothingToReturnError(&quot;No Data to Return&quot;)
spantools.errors_api._classes.NothingToReturnError: No Data to Return
</system-err></testcase><testcase classname="zdevelop.tests.test_api.TestErrorHandling" file="zdevelop/tests/test_api.py" line="248" name="test_nothing_to_return_error_passed[sent_value2]" time="0.016"><system-out>RESPONSE: &lt;Response [400]&gt;

HEADERS:
{
    &quot;error-name&quot;: &quot;NothingToReturnError&quot;,
    &quot;error-message&quot;: &quot;No Data to Return&quot;,
    &quot;error-id&quot;: &quot;57c87433-a2ab-4d18-b7c6-cd71929c7df7&quot;,
    &quot;error-code&quot;: &quot;1002&quot;
}

CONTENT:
b&apos;&apos;
</system-out><system-err>ERROR: (57c87433-a2ab-4d18-b7c6-cd71929c7df7) - NothingToReturnError &quot;No Data to Return&quot;
Traceback (most recent call last):
  File &quot;/home/vsts/work/1/s/spanserver/_method_wrapper.py&quot;, line 70, in wrapper
    resp._dump_media()
  File &quot;/home/vsts/work/1/s/spanserver/_req_resp.py&quot;, line 274, in _dump_media
    content, schema, validate = self._resp_calculate_dump_settings()
  File &quot;/home/vsts/work/1/s/spanserver/_req_resp.py&quot;, line 336, in _resp_calculate_dump_settings
    raise NothingToReturnError(&quot;No Data to Return&quot;)
spantools.errors_api._classes.NothingToReturnError: No Data to Return
</system-err></testcase><testcase classname="zdevelop.tests.test_api.TestErrorHandling" file="zdevelop/tests/test_api.py" line="260" name="test_send_data_with_error" time="0.015"><system-out>RESPONSE: &lt;Response [400]&gt;

HEADERS:
{
    &quot;error-name&quot;: &quot;CustomError&quot;,
    &quot;error-message&quot;: &quot;Some Custom Error&quot;,
    &quot;error-id&quot;: &quot;3024a1ac-a4db-46a5-be6e-d2a64f0b241f&quot;,
    &quot;error-code&quot;: &quot;1100&quot;,
    &quot;content-type&quot;: &quot;application/json&quot;,
    &quot;content-length&quot;: &quot;32&quot;
}

JSON:
{
    &quot;last&quot;: &quot;Peake&quot;,
    &quot;first&quot;: &quot;Billy&quot;
}
</system-out><system-err>ERROR: (3024a1ac-a4db-46a5-be6e-d2a64f0b241f) - CustomError &quot;Some Custom Error&quot;
Traceback (most recent call last):
  File &quot;/home/vsts/work/1/s/spanserver/_method_wrapper.py&quot;, line 68, in wrapper
    await endpoint_method(self, req, resp, *args, **kwargs)
  File &quot;/home/vsts/work/1/s/spanserver/_api.py&quot;, line 318, in wrapper
    await route_method(route, http_req, http_resp, **kwargs)
  File &quot;/home/vsts/work/1/s/zdevelop/tests/test_api.py&quot;, line 271, in on_get
    raise CustomError(&quot;Some Custom Error&quot;, send_media=True)
test_api.TestErrorHandling.test_send_data_with_error.&lt;locals&gt;.CustomError: Some Custom Error
</system-err></testcase><testcase classname="zdevelop.tests.test_api.TestErrorHandling" file="zdevelop/tests/test_api.py" line="278" name="test_send_data_with_error_fails_dump" time="0.014"><system-out>RESPONSE: &lt;Response [400]&gt;

HEADERS:
{
    &quot;error-name&quot;: &quot;CustomError&quot;,
    &quot;error-message&quot;: &quot;Some Custom Error&quot;,
    &quot;error-id&quot;: &quot;8490cafd-f543-4d82-abdb-b97efbcaa2b5&quot;,
    &quot;error-code&quot;: &quot;1100&quot;,
    &quot;content-type&quot;: &quot;application/json&quot;
}

CONTENT:
b&apos;&apos;
</system-out><system-err>ERROR: (8490cafd-f543-4d82-abdb-b97efbcaa2b5) - CustomError &quot;Some Custom Error&quot;
Traceback (most recent call last):
  File &quot;/home/vsts/work/1/s/spanserver/_method_wrapper.py&quot;, line 68, in wrapper
    await endpoint_method(self, req, resp, *args, **kwargs)
  File &quot;/home/vsts/work/1/s/zdevelop/tests/test_api.py&quot;, line 288, in on_get
    raise CustomError(&quot;Some Custom Error&quot;, send_media=True)
test_api.TestErrorHandling.test_send_data_with_error_fails_dump.&lt;locals&gt;.CustomError: Some Custom Error
</system-err></testcase><testcase classname="zdevelop.tests.test_api.TestUseSchemaReq" file="zdevelop/tests/test_api.py" line="297" name="test_req_load_schema[True-LoadOptions.VALIDATE_AND_LOAD-data_post0-data_passed0-None]" time="0.016"><system-out>RESPONSE: &lt;Response [200]&gt;

HEADERS:
{}

CONTENT:
b&apos;&apos;
</system-out></testcase><testcase classname="zdevelop.tests.test_api.TestUseSchemaReq" file="zdevelop/tests/test_api.py" line="297" name="test_req_load_schema[True-LoadOptions.VALIDATE_AND_LOAD-data_post1-None-RequestValidationError]" time="0.017"><system-out>RESPONSE: &lt;Response [400]&gt;

HEADERS:
{
    &quot;error-name&quot;: &quot;RequestValidationError&quot;,
    &quot;error-message&quot;: &quot;Request data does not match schema.&quot;,
    &quot;error-id&quot;: &quot;addf16ba-2a9f-4460-b11f-b96adbed6dc0&quot;,
    &quot;error-code&quot;: &quot;1003&quot;,
    &quot;error-data&quot;: &quot;{\&quot;id\&quot;: [\&quot;Not a valid UUID.\&quot;]}&quot;
}

CONTENT:
b&apos;&apos;
</system-out><system-err>ERROR: (addf16ba-2a9f-4460-b11f-b96adbed6dc0) - RequestValidationError &quot;Request data does not match schema.&quot;
Traceback (most recent call last):
  File &quot;/home/vsts/work/1/s/spanserver/_req_resp.py&quot;, line 148, in media
    loaded, mimetype_decoded = decode_content(  # type: ignore
  File &quot;/opt/hostedtoolcache/Python/3.8.1/x64/lib/python3.8/site-packages/spantools/_content_load.py&quot;, line 99, in decode_content
    content_loaded = data_schema.load(content_mimetype)
  File &quot;/opt/hostedtoolcache/Python/3.8.1/x64/lib/python3.8/site-packages/grahamcracker/_schema_classes.py&quot;, line 115, in load
    return super().load(
  File &quot;/opt/hostedtoolcache/Python/3.8.1/x64/lib/python3.8/site-packages/marshmallow/schema.py&quot;, line 722, in load
    return self._do_load(
  File &quot;/opt/hostedtoolcache/Python/3.8.1/x64/lib/python3.8/site-packages/marshmallow/schema.py&quot;, line 904, in _do_load
    raise exc
marshmallow.exceptions.ValidationError: {&apos;id&apos;: [&apos;Not a valid UUID.&apos;]}

During handling of the above exception, another exception occurred:

Traceback (most recent call last):
  File &quot;/home/vsts/work/1/s/spanserver/_method_wrapper.py&quot;, line 68, in wrapper
    await endpoint_method(self, req, resp, *args, **kwargs)
  File &quot;/home/vsts/work/1/s/spanserver/_api.py&quot;, line 318, in wrapper
    await route_method(route, http_req, http_resp, **kwargs)
  File &quot;/home/vsts/work/1/s/zdevelop/tests/test_api.py&quot;, line 374, in on_post
    data = await req.media_loaded()
  File &quot;/home/vsts/work/1/s/spanserver/_req_resp.py&quot;, line 174, in media_loaded
    await self.media()
  File &quot;/home/vsts/work/1/s/spanserver/_req_resp.py&quot;, line 156, in media
    raise RequestValidationError(
spantools.errors_api._classes.RequestValidationError: Request data does not match schema.
</system-err></testcase><testcase classname="zdevelop.tests.test_api.TestUseSchemaReq" file="zdevelop/tests/test_api.py" line="297" name="test_req_load_schema[True-LoadOptions.VALIDATE_AND_LOAD-data_post2-None-RequestValidationError]" time="0.014"><system-out>RESPONSE: &lt;Response [400]&gt;

HEADERS:
{
    &quot;error-name&quot;: &quot;RequestValidationError&quot;,
    &quot;error-message&quot;: &quot;Request data does not match schema.&quot;,
    &quot;error-id&quot;: &quot;1bd195ce-44aa-427d-99fc-acf9ccd9bd3f&quot;,
    &quot;error-code&quot;: &quot;1003&quot;,
    &quot;error-data&quot;: &quot;{\&quot;last\&quot;: [\&quot;Malfoys are not allowed\&quot;]}&quot;
}

CONTENT:
b&apos;&apos;
</system-out><system-err>ERROR: (1bd195ce-44aa-427d-99fc-acf9ccd9bd3f) - RequestValidationError &quot;Request data does not match schema.&quot;
Traceback (most recent call last):
  File &quot;/home/vsts/work/1/s/spanserver/_req_resp.py&quot;, line 148, in media
    loaded, mimetype_decoded = decode_content(  # type: ignore
  File &quot;/opt/hostedtoolcache/Python/3.8.1/x64/lib/python3.8/site-packages/spantools/_content_load.py&quot;, line 99, in decode_content
    content_loaded = data_schema.load(content_mimetype)
  File &quot;/opt/hostedtoolcache/Python/3.8.1/x64/lib/python3.8/site-packages/grahamcracker/_schema_classes.py&quot;, line 115, in load
    return super().load(
  File &quot;/opt/hostedtoolcache/Python/3.8.1/x64/lib/python3.8/site-packages/marshmallow/schema.py&quot;, line 722, in load
    return self._do_load(
  File &quot;/opt/hostedtoolcache/Python/3.8.1/x64/lib/python3.8/site-packages/marshmallow/schema.py&quot;, line 904, in _do_load
    raise exc
marshmallow.exceptions.ValidationError: {&apos;last&apos;: [&apos;Malfoys are not allowed&apos;]}

During handling of the above exception, another exception occurred:

Traceback (most recent call last):
  File &quot;/home/vsts/work/1/s/spanserver/_method_wrapper.py&quot;, line 68, in wrapper
    await endpoint_method(self, req, resp, *args, **kwargs)
  File &quot;/home/vsts/work/1/s/spanserver/_api.py&quot;, line 318, in wrapper
    await route_method(route, http_req, http_resp, **kwargs)
  File &quot;/home/vsts/work/1/s/zdevelop/tests/test_api.py&quot;, line 374, in on_post
    data = await req.media_loaded()
  File &quot;/home/vsts/work/1/s/spanserver/_req_resp.py&quot;, line 174, in media_loaded
    await self.media()
  File &quot;/home/vsts/work/1/s/spanserver/_req_resp.py&quot;, line 156, in media
    raise RequestValidationError(
spantools.errors_api._classes.RequestValidationError: Request data does not match schema.
</system-err></testcase><testcase classname="zdevelop.tests.test_api.TestUseSchemaReq" file="zdevelop/tests/test_api.py" line="297" name="test_req_load_schema[True-LoadOptions.VALIDATE_AND_LOAD-notajson-None-RequestValidationError]" time="0.014"><system-out>RESPONSE: &lt;Response [400]&gt;

HEADERS:
{
    &quot;error-name&quot;: &quot;RequestValidationError&quot;,
    &quot;error-message&quot;: &quot;Media could not be decoded.&quot;,
    &quot;error-id&quot;: &quot;ede18d87-1fba-41d0-8863-142e7f918b8e&quot;,
    &quot;error-code&quot;: &quot;1003&quot;
}

CONTENT:
b&apos;&apos;
</system-out><system-err>ERROR: (ede18d87-1fba-41d0-8863-142e7f918b8e) - RequestValidationError &quot;Media could not be decoded.&quot;
Traceback (most recent call last):
  File &quot;/opt/hostedtoolcache/Python/3.8.1/x64/lib/python3.8/site-packages/spantools/_content_load.py&quot;, line 46, in _load_content_by_mimetype
    return deserializer(content)
  File &quot;/opt/hostedtoolcache/Python/3.8.1/x64/lib/python3.8/site-packages/spantools/_encoders.py&quot;, line 176, in bson_decode
    return RawBSONDocument(content)
  File &quot;/opt/hostedtoolcache/Python/3.8.1/x64/lib/python3.8/site-packages/bson/raw_bson.py&quot;, line 82, in __init__
    _get_object_size(bson_bytes, 0, len(bson_bytes))
  File &quot;/opt/hostedtoolcache/Python/3.8.1/x64/lib/python3.8/site-packages/bson/__init__.py&quot;, line 228, in _get_object_size
    if data[end] != _OBJEND:
IndexError: index out of range

During handling of the above exception, another exception occurred:

Traceback (most recent call last):
  File &quot;/home/vsts/work/1/s/spanserver/_req_resp.py&quot;, line 148, in media
    loaded, mimetype_decoded = decode_content(  # type: ignore
  File &quot;/opt/hostedtoolcache/Python/3.8.1/x64/lib/python3.8/site-packages/spantools/_content_load.py&quot;, line 93, in decode_content
    content_mimetype = _load_content_by_mimetype(
  File &quot;/opt/hostedtoolcache/Python/3.8.1/x64/lib/python3.8/site-packages/spantools/_content_load.py&quot;, line 48, in _load_content_by_mimetype
    raise ContentDecodeError(f&quot;Error occurred while decoding content as {mimetype}&quot;)
spantools._errors.ContentDecodeError: Error occurred while decoding content as MimeType.BSON

During handling of the above exception, another exception occurred:

Traceback (most recent call last):
  File &quot;/home/vsts/work/1/s/spanserver/_method_wrapper.py&quot;, line 68, in wrapper
    await endpoint_method(self, req, resp, *args, **kwargs)
  File &quot;/home/vsts/work/1/s/spanserver/_api.py&quot;, line 318, in wrapper
    await route_method(route, http_req, http_resp, **kwargs)
  File &quot;/home/vsts/work/1/s/zdevelop/tests/test_api.py&quot;, line 374, in on_post
    data = await req.media_loaded()
  File &quot;/home/vsts/work/1/s/spanserver/_req_resp.py&quot;, line 174, in media_loaded
    await self.media()
  File &quot;/home/vsts/work/1/s/spanserver/_req_resp.py&quot;, line 160, in media
    raise RequestValidationError(&quot;Media could not be decoded.&quot;)
spantools.errors_api._classes.RequestValidationError: Media could not be decoded.
</system-err></testcase><testcase classname="zdevelop.tests.test_api.TestUseSchemaReq" file="zdevelop/tests/test_api.py" line="297" name="test_req_load_schema[True-LoadOptions.VALIDATE_ONLY-data_post4-data_passed4-None]" time="0.014"><system-out>RESPONSE: &lt;Response [200]&gt;

HEADERS:
{}

CONTENT:
b&apos;&apos;
</system-out></testcase><testcase classname="zdevelop.tests.test_api.TestUseSchemaReq" file="zdevelop/tests/test_api.py" line="297" name="test_req_load_schema[True-LoadOptions.VALIDATE_ONLY-data_post5-None-RequestValidationError]" time="0.016"><system-out>RESPONSE: &lt;Response [400]&gt;

HEADERS:
{
    &quot;error-name&quot;: &quot;RequestValidationError&quot;,
    &quot;error-message&quot;: &quot;Request data does not match schema.&quot;,
    &quot;error-id&quot;: &quot;b173e10e-0c29-486f-bb7a-aad53add6190&quot;,
    &quot;error-code&quot;: &quot;1003&quot;,
    &quot;error-data&quot;: &quot;{\&quot;id\&quot;: [\&quot;Not a valid UUID.\&quot;]}&quot;
}

CONTENT:
b&apos;&apos;
</system-out><system-err>ERROR: (b173e10e-0c29-486f-bb7a-aad53add6190) - RequestValidationError &quot;Request data does not match schema.&quot;
Traceback (most recent call last):
  File &quot;/home/vsts/work/1/s/spanserver/_req_resp.py&quot;, line 148, in media
    loaded, mimetype_decoded = decode_content(  # type: ignore
  File &quot;/opt/hostedtoolcache/Python/3.8.1/x64/lib/python3.8/site-packages/spantools/_content_load.py&quot;, line 99, in decode_content
    content_loaded = data_schema.load(content_mimetype)
  File &quot;/opt/hostedtoolcache/Python/3.8.1/x64/lib/python3.8/site-packages/grahamcracker/_schema_classes.py&quot;, line 115, in load
    return super().load(
  File &quot;/opt/hostedtoolcache/Python/3.8.1/x64/lib/python3.8/site-packages/marshmallow/schema.py&quot;, line 722, in load
    return self._do_load(
  File &quot;/opt/hostedtoolcache/Python/3.8.1/x64/lib/python3.8/site-packages/marshmallow/schema.py&quot;, line 904, in _do_load
    raise exc
marshmallow.exceptions.ValidationError: {&apos;id&apos;: [&apos;Not a valid UUID.&apos;]}

During handling of the above exception, another exception occurred:

Traceback (most recent call last):
  File &quot;/home/vsts/work/1/s/spanserver/_method_wrapper.py&quot;, line 68, in wrapper
    await endpoint_method(self, req, resp, *args, **kwargs)
  File &quot;/home/vsts/work/1/s/spanserver/_api.py&quot;, line 318, in wrapper
    await route_method(route, http_req, http_resp, **kwargs)
  File &quot;/home/vsts/work/1/s/zdevelop/tests/test_api.py&quot;, line 374, in on_post
    data = await req.media_loaded()
  File &quot;/home/vsts/work/1/s/spanserver/_req_resp.py&quot;, line 174, in media_loaded
    await self.media()
  File &quot;/home/vsts/work/1/s/spanserver/_req_resp.py&quot;, line 156, in media
    raise RequestValidationError(
spantools.errors_api._classes.RequestValidationError: Request data does not match schema.
</system-err></testcase><testcase classname="zdevelop.tests.test_api.TestUseSchemaReq" file="zdevelop/tests/test_api.py" line="297" name="test_req_load_schema[True-LoadOptions.VALIDATE_ONLY-data_post6-None-RequestValidationError]" time="0.014"><system-out>RESPONSE: &lt;Response [400]&gt;

HEADERS:
{
    &quot;error-name&quot;: &quot;RequestValidationError&quot;,
    &quot;error-message&quot;: &quot;Request data does not match schema.&quot;,
    &quot;error-id&quot;: &quot;92c50212-75c5-4047-b7b1-7b3414cd9c85&quot;,
    &quot;error-code&quot;: &quot;1003&quot;,
    &quot;error-data&quot;: &quot;{\&quot;last\&quot;: [\&quot;Malfoys are not allowed\&quot;]}&quot;
}

CONTENT:
b&apos;&apos;
</system-out><system-err>ERROR: (92c50212-75c5-4047-b7b1-7b3414cd9c85) - RequestValidationError &quot;Request data does not match schema.&quot;
Traceback (most recent call last):
  File &quot;/home/vsts/work/1/s/spanserver/_req_resp.py&quot;, line 148, in media
    loaded, mimetype_decoded = decode_content(  # type: ignore
  File &quot;/opt/hostedtoolcache/Python/3.8.1/x64/lib/python3.8/site-packages/spantools/_content_load.py&quot;, line 99, in decode_content
    content_loaded = data_schema.load(content_mimetype)
  File &quot;/opt/hostedtoolcache/Python/3.8.1/x64/lib/python3.8/site-packages/grahamcracker/_schema_classes.py&quot;, line 115, in load
    return super().load(
  File &quot;/opt/hostedtoolcache/Python/3.8.1/x64/lib/python3.8/site-packages/marshmallow/schema.py&quot;, line 722, in load
    return self._do_load(
  File &quot;/opt/hostedtoolcache/Python/3.8.1/x64/lib/python3.8/site-packages/marshmallow/schema.py&quot;, line 904, in _do_load
    raise exc
marshmallow.exceptions.ValidationError: {&apos;last&apos;: [&apos;Malfoys are not allowed&apos;]}

During handling of the above exception, another exception occurred:

Traceback (most recent call last):
  File &quot;/home/vsts/work/1/s/spanserver/_method_wrapper.py&quot;, line 68, in wrapper
    await endpoint_method(self, req, resp, *args, **kwargs)
  File &quot;/home/vsts/work/1/s/spanserver/_api.py&quot;, line 318, in wrapper
    await route_method(route, http_req, http_resp, **kwargs)
  File &quot;/home/vsts/work/1/s/zdevelop/tests/test_api.py&quot;, line 374, in on_post
    data = await req.media_loaded()
  File &quot;/home/vsts/work/1/s/spanserver/_req_resp.py&quot;, line 174, in media_loaded
    await self.media()
  File &quot;/home/vsts/work/1/s/spanserver/_req_resp.py&quot;, line 156, in media
    raise RequestValidationError(
spantools.errors_api._classes.RequestValidationError: Request data does not match schema.
</system-err></testcase><testcase classname="zdevelop.tests.test_api.TestUseSchemaReq" file="zdevelop/tests/test_api.py" line="297" name="test_req_load_schema[True-LoadOptions.VALIDATE_ONLY-notajson-None-RequestValidationError]" time="0.016"><system-out>RESPONSE: &lt;Response [400]&gt;

HEADERS:
{
    &quot;error-name&quot;: &quot;RequestValidationError&quot;,
    &quot;error-message&quot;: &quot;Media could not be decoded.&quot;,
    &quot;error-id&quot;: &quot;ddb22c8a-4076-48f3-83fe-918ee0b7782d&quot;,
    &quot;error-code&quot;: &quot;1003&quot;
}

CONTENT:
b&apos;&apos;
</system-out><system-err>ERROR: (ddb22c8a-4076-48f3-83fe-918ee0b7782d) - RequestValidationError &quot;Media could not be decoded.&quot;
Traceback (most recent call last):
  File &quot;/opt/hostedtoolcache/Python/3.8.1/x64/lib/python3.8/site-packages/spantools/_content_load.py&quot;, line 46, in _load_content_by_mimetype
    return deserializer(content)
  File &quot;/opt/hostedtoolcache/Python/3.8.1/x64/lib/python3.8/site-packages/spantools/_encoders.py&quot;, line 176, in bson_decode
    return RawBSONDocument(content)
  File &quot;/opt/hostedtoolcache/Python/3.8.1/x64/lib/python3.8/site-packages/bson/raw_bson.py&quot;, line 82, in __init__
    _get_object_size(bson_bytes, 0, len(bson_bytes))
  File &quot;/opt/hostedtoolcache/Python/3.8.1/x64/lib/python3.8/site-packages/bson/__init__.py&quot;, line 228, in _get_object_size
    if data[end] != _OBJEND:
IndexError: index out of range

During handling of the above exception, another exception occurred:

Traceback (most recent call last):
  File &quot;/home/vsts/work/1/s/spanserver/_req_resp.py&quot;, line 148, in media
    loaded, mimetype_decoded = decode_content(  # type: ignore
  File &quot;/opt/hostedtoolcache/Python/3.8.1/x64/lib/python3.8/site-packages/spantools/_content_load.py&quot;, line 93, in decode_content
    content_mimetype = _load_content_by_mimetype(
  File &quot;/opt/hostedtoolcache/Python/3.8.1/x64/lib/python3.8/site-packages/spantools/_content_load.py&quot;, line 48, in _load_content_by_mimetype
    raise ContentDecodeError(f&quot;Error occurred while decoding content as {mimetype}&quot;)
spantools._errors.ContentDecodeError: Error occurred while decoding content as MimeType.BSON

During handling of the above exception, another exception occurred:

Traceback (most recent call last):
  File &quot;/home/vsts/work/1/s/spanserver/_method_wrapper.py&quot;, line 68, in wrapper
    await endpoint_method(self, req, resp, *args, **kwargs)
  File &quot;/home/vsts/work/1/s/spanserver/_api.py&quot;, line 318, in wrapper
    await route_method(route, http_req, http_resp, **kwargs)
  File &quot;/home/vsts/work/1/s/zdevelop/tests/test_api.py&quot;, line 374, in on_post
    data = await req.media_loaded()
  File &quot;/home/vsts/work/1/s/spanserver/_req_resp.py&quot;, line 174, in media_loaded
    await self.media()
  File &quot;/home/vsts/work/1/s/spanserver/_req_resp.py&quot;, line 160, in media
    raise RequestValidationError(&quot;Media could not be decoded.&quot;)
spantools.errors_api._classes.RequestValidationError: Media could not be decoded.
</system-err></testcase><testcase classname="zdevelop.tests.test_api.TestUseSchemaReq" file="zdevelop/tests/test_api.py" line="297" name="test_req_load_schema[True-LoadOptions.IGNORE-data_post8-data_passed8-None]" time="0.015"><system-out>RESPONSE: &lt;Response [200]&gt;

HEADERS:
{}

CONTENT:
b&apos;&apos;
</system-out></testcase><testcase classname="zdevelop.tests.test_api.TestUseSchemaReq" file="zdevelop/tests/test_api.py" line="297" name="test_req_load_schema[True-LoadOptions.IGNORE-data_post9-data_passed9-None]" time="0.014"><system-out>RESPONSE: &lt;Response [200]&gt;

HEADERS:
{}

CONTENT:
b&apos;&apos;
</system-out></testcase><testcase classname="zdevelop.tests.test_api.TestUseSchemaReq" file="zdevelop/tests/test_api.py" line="297" name="test_req_load_schema[True-LoadOptions.IGNORE-data_post10-data_passed10-None]" time="0.013"><system-out>RESPONSE: &lt;Response [200]&gt;

HEADERS:
{}

CONTENT:
b&apos;&apos;
</system-out></testcase><testcase classname="zdevelop.tests.test_api.TestUseSchemaReq" file="zdevelop/tests/test_api.py" line="297" name="test_req_load_schema[False-LoadOptions.VALIDATE_AND_LOAD-data_post0-data_passed0-None]" time="0.013"><system-out>RESPONSE: &lt;Response [200]&gt;

HEADERS:
{}

CONTENT:
b&apos;&apos;
</system-out></testcase><testcase classname="zdevelop.tests.test_api.TestUseSchemaReq" file="zdevelop/tests/test_api.py" line="297" name="test_req_load_schema[False-LoadOptions.VALIDATE_AND_LOAD-data_post1-None-RequestValidationError]" time="0.013"><system-out>RESPONSE: &lt;Response [400]&gt;

HEADERS:
{
    &quot;error-name&quot;: &quot;RequestValidationError&quot;,
    &quot;error-message&quot;: &quot;Request data does not match schema.&quot;,
    &quot;error-id&quot;: &quot;22160208-41c8-43e5-94d0-e2ec2526270f&quot;,
    &quot;error-code&quot;: &quot;1003&quot;,
    &quot;error-data&quot;: &quot;{\&quot;id\&quot;: [\&quot;Not a valid UUID.\&quot;]}&quot;
}

CONTENT:
b&apos;&apos;
</system-out><system-err>ERROR: (22160208-41c8-43e5-94d0-e2ec2526270f) - RequestValidationError &quot;Request data does not match schema.&quot;
Traceback (most recent call last):
  File &quot;/home/vsts/work/1/s/spanserver/_req_resp.py&quot;, line 148, in media
    loaded, mimetype_decoded = decode_content(  # type: ignore
  File &quot;/opt/hostedtoolcache/Python/3.8.1/x64/lib/python3.8/site-packages/spantools/_content_load.py&quot;, line 99, in decode_content
    content_loaded = data_schema.load(content_mimetype)
  File &quot;/opt/hostedtoolcache/Python/3.8.1/x64/lib/python3.8/site-packages/grahamcracker/_schema_classes.py&quot;, line 115, in load
    return super().load(
  File &quot;/opt/hostedtoolcache/Python/3.8.1/x64/lib/python3.8/site-packages/marshmallow/schema.py&quot;, line 722, in load
    return self._do_load(
  File &quot;/opt/hostedtoolcache/Python/3.8.1/x64/lib/python3.8/site-packages/marshmallow/schema.py&quot;, line 904, in _do_load
    raise exc
marshmallow.exceptions.ValidationError: {&apos;id&apos;: [&apos;Not a valid UUID.&apos;]}

During handling of the above exception, another exception occurred:

Traceback (most recent call last):
  File &quot;/home/vsts/work/1/s/spanserver/_method_wrapper.py&quot;, line 68, in wrapper
    await endpoint_method(self, req, resp, *args, **kwargs)
  File &quot;/home/vsts/work/1/s/spanserver/_api.py&quot;, line 318, in wrapper
    await route_method(route, http_req, http_resp, **kwargs)
  File &quot;/home/vsts/work/1/s/zdevelop/tests/test_api.py&quot;, line 374, in on_post
    data = await req.media_loaded()
  File &quot;/home/vsts/work/1/s/spanserver/_req_resp.py&quot;, line 174, in media_loaded
    await self.media()
  File &quot;/home/vsts/work/1/s/spanserver/_req_resp.py&quot;, line 156, in media
    raise RequestValidationError(
spantools.errors_api._classes.RequestValidationError: Request data does not match schema.
</system-err></testcase><testcase classname="zdevelop.tests.test_api.TestUseSchemaReq" file="zdevelop/tests/test_api.py" line="297" name="test_req_load_schema[False-LoadOptions.VALIDATE_AND_LOAD-data_post2-None-RequestValidationError]" time="0.015"><system-out>RESPONSE: &lt;Response [400]&gt;

HEADERS:
{
    &quot;error-name&quot;: &quot;RequestValidationError&quot;,
    &quot;error-message&quot;: &quot;Request data does not match schema.&quot;,
    &quot;error-id&quot;: &quot;19c9a9f5-4919-402b-be29-38f0d695cce7&quot;,
    &quot;error-code&quot;: &quot;1003&quot;,
    &quot;error-data&quot;: &quot;{\&quot;last\&quot;: [\&quot;Malfoys are not allowed\&quot;]}&quot;
}

CONTENT:
b&apos;&apos;
</system-out><system-err>ERROR: (19c9a9f5-4919-402b-be29-38f0d695cce7) - RequestValidationError &quot;Request data does not match schema.&quot;
Traceback (most recent call last):
  File &quot;/home/vsts/work/1/s/spanserver/_req_resp.py&quot;, line 148, in media
    loaded, mimetype_decoded = decode_content(  # type: ignore
  File &quot;/opt/hostedtoolcache/Python/3.8.1/x64/lib/python3.8/site-packages/spantools/_content_load.py&quot;, line 99, in decode_content
    content_loaded = data_schema.load(content_mimetype)
  File &quot;/opt/hostedtoolcache/Python/3.8.1/x64/lib/python3.8/site-packages/grahamcracker/_schema_classes.py&quot;, line 115, in load
    return super().load(
  File &quot;/opt/hostedtoolcache/Python/3.8.1/x64/lib/python3.8/site-packages/marshmallow/schema.py&quot;, line 722, in load
    return self._do_load(
  File &quot;/opt/hostedtoolcache/Python/3.8.1/x64/lib/python3.8/site-packages/marshmallow/schema.py&quot;, line 904, in _do_load
    raise exc
marshmallow.exceptions.ValidationError: {&apos;last&apos;: [&apos;Malfoys are not allowed&apos;]}

During handling of the above exception, another exception occurred:

Traceback (most recent call last):
  File &quot;/home/vsts/work/1/s/spanserver/_method_wrapper.py&quot;, line 68, in wrapper
    await endpoint_method(self, req, resp, *args, **kwargs)
  File &quot;/home/vsts/work/1/s/spanserver/_api.py&quot;, line 318, in wrapper
    await route_method(route, http_req, http_resp, **kwargs)
  File &quot;/home/vsts/work/1/s/zdevelop/tests/test_api.py&quot;, line 374, in on_post
    data = await req.media_loaded()
  File &quot;/home/vsts/work/1/s/spanserver/_req_resp.py&quot;, line 174, in media_loaded
    await self.media()
  File &quot;/home/vsts/work/1/s/spanserver/_req_resp.py&quot;, line 156, in media
    raise RequestValidationError(
spantools.errors_api._classes.RequestValidationError: Request data does not match schema.
</system-err></testcase><testcase classname="zdevelop.tests.test_api.TestUseSchemaReq" file="zdevelop/tests/test_api.py" line="297" name="test_req_load_schema[False-LoadOptions.VALIDATE_AND_LOAD-notajson-None-RequestValidationError]" time="0.016"><system-out>RESPONSE: &lt;Response [400]&gt;

HEADERS:
{
    &quot;error-name&quot;: &quot;RequestValidationError&quot;,
    &quot;error-message&quot;: &quot;Media could not be decoded.&quot;,
    &quot;error-id&quot;: &quot;24676179-95cf-4b86-841e-1df79f9c3a1f&quot;,
    &quot;error-code&quot;: &quot;1003&quot;
}

CONTENT:
b&apos;&apos;
</system-out><system-err>ERROR: (24676179-95cf-4b86-841e-1df79f9c3a1f) - RequestValidationError &quot;Media could not be decoded.&quot;
Traceback (most recent call last):
  File &quot;/opt/hostedtoolcache/Python/3.8.1/x64/lib/python3.8/site-packages/spantools/_content_load.py&quot;, line 46, in _load_content_by_mimetype
    return deserializer(content)
  File &quot;/opt/hostedtoolcache/Python/3.8.1/x64/lib/python3.8/site-packages/spantools/_encoders.py&quot;, line 67, in json_decode
    raise ValueError(&quot;json did not decode to list or object&quot;)
ValueError: json did not decode to list or object

During handling of the above exception, another exception occurred:

Traceback (most recent call last):
  File &quot;/home/vsts/work/1/s/spanserver/_req_resp.py&quot;, line 148, in media
    loaded, mimetype_decoded = decode_content(  # type: ignore
  File &quot;/opt/hostedtoolcache/Python/3.8.1/x64/lib/python3.8/site-packages/spantools/_content_load.py&quot;, line 93, in decode_content
    content_mimetype = _load_content_by_mimetype(
  File &quot;/opt/hostedtoolcache/Python/3.8.1/x64/lib/python3.8/site-packages/spantools/_content_load.py&quot;, line 48, in _load_content_by_mimetype
    raise ContentDecodeError(f&quot;Error occurred while decoding content as {mimetype}&quot;)
spantools._errors.ContentDecodeError: Error occurred while decoding content as MimeType.JSON

During handling of the above exception, another exception occurred:

Traceback (most recent call last):
  File &quot;/home/vsts/work/1/s/spanserver/_method_wrapper.py&quot;, line 68, in wrapper
    await endpoint_method(self, req, resp, *args, **kwargs)
  File &quot;/home/vsts/work/1/s/spanserver/_api.py&quot;, line 318, in wrapper
    await route_method(route, http_req, http_resp, **kwargs)
  File &quot;/home/vsts/work/1/s/zdevelop/tests/test_api.py&quot;, line 374, in on_post
    data = await req.media_loaded()
  File &quot;/home/vsts/work/1/s/spanserver/_req_resp.py&quot;, line 174, in media_loaded
    await self.media()
  File &quot;/home/vsts/work/1/s/spanserver/_req_resp.py&quot;, line 160, in media
    raise RequestValidationError(&quot;Media could not be decoded.&quot;)
spantools.errors_api._classes.RequestValidationError: Media could not be decoded.
</system-err></testcase><testcase classname="zdevelop.tests.test_api.TestUseSchemaReq" file="zdevelop/tests/test_api.py" line="297" name="test_req_load_schema[False-LoadOptions.VALIDATE_ONLY-data_post4-data_passed4-None]" time="0.016"><system-out>RESPONSE: &lt;Response [200]&gt;

HEADERS:
{}

CONTENT:
b&apos;&apos;
</system-out></testcase><testcase classname="zdevelop.tests.test_api.TestUseSchemaReq" file="zdevelop/tests/test_api.py" line="297" name="test_req_load_schema[False-LoadOptions.VALIDATE_ONLY-data_post5-None-RequestValidationError]" time="0.016"><system-out>RESPONSE: &lt;Response [400]&gt;

HEADERS:
{
    &quot;error-name&quot;: &quot;RequestValidationError&quot;,
    &quot;error-message&quot;: &quot;Request data does not match schema.&quot;,
    &quot;error-id&quot;: &quot;ec527265-f611-4df1-a40d-5c0e1f9df438&quot;,
    &quot;error-code&quot;: &quot;1003&quot;,
    &quot;error-data&quot;: &quot;{\&quot;id\&quot;: [\&quot;Not a valid UUID.\&quot;]}&quot;
}

CONTENT:
b&apos;&apos;
</system-out><system-err>ERROR: (ec527265-f611-4df1-a40d-5c0e1f9df438) - RequestValidationError &quot;Request data does not match schema.&quot;
Traceback (most recent call last):
  File &quot;/home/vsts/work/1/s/spanserver/_req_resp.py&quot;, line 148, in media
    loaded, mimetype_decoded = decode_content(  # type: ignore
  File &quot;/opt/hostedtoolcache/Python/3.8.1/x64/lib/python3.8/site-packages/spantools/_content_load.py&quot;, line 99, in decode_content
    content_loaded = data_schema.load(content_mimetype)
  File &quot;/opt/hostedtoolcache/Python/3.8.1/x64/lib/python3.8/site-packages/grahamcracker/_schema_classes.py&quot;, line 115, in load
    return super().load(
  File &quot;/opt/hostedtoolcache/Python/3.8.1/x64/lib/python3.8/site-packages/marshmallow/schema.py&quot;, line 722, in load
    return self._do_load(
  File &quot;/opt/hostedtoolcache/Python/3.8.1/x64/lib/python3.8/site-packages/marshmallow/schema.py&quot;, line 904, in _do_load
    raise exc
marshmallow.exceptions.ValidationError: {&apos;id&apos;: [&apos;Not a valid UUID.&apos;]}

During handling of the above exception, another exception occurred:

Traceback (most recent call last):
  File &quot;/home/vsts/work/1/s/spanserver/_method_wrapper.py&quot;, line 68, in wrapper
    await endpoint_method(self, req, resp, *args, **kwargs)
  File &quot;/home/vsts/work/1/s/spanserver/_api.py&quot;, line 318, in wrapper
    await route_method(route, http_req, http_resp, **kwargs)
  File &quot;/home/vsts/work/1/s/zdevelop/tests/test_api.py&quot;, line 374, in on_post
    data = await req.media_loaded()
  File &quot;/home/vsts/work/1/s/spanserver/_req_resp.py&quot;, line 174, in media_loaded
    await self.media()
  File &quot;/home/vsts/work/1/s/spanserver/_req_resp.py&quot;, line 156, in media
    raise RequestValidationError(
spantools.errors_api._classes.RequestValidationError: Request data does not match schema.
</system-err></testcase><testcase classname="zdevelop.tests.test_api.TestUseSchemaReq" file="zdevelop/tests/test_api.py" line="297" name="test_req_load_schema[False-LoadOptions.VALIDATE_ONLY-data_post6-None-RequestValidationError]" time="0.016"><system-out>RESPONSE: &lt;Response [400]&gt;

HEADERS:
{
    &quot;error-name&quot;: &quot;RequestValidationError&quot;,
    &quot;error-message&quot;: &quot;Request data does not match schema.&quot;,
    &quot;error-id&quot;: &quot;fcb3b474-c7ec-49b9-b3ce-108717fbe743&quot;,
    &quot;error-code&quot;: &quot;1003&quot;,
    &quot;error-data&quot;: &quot;{\&quot;last\&quot;: [\&quot;Malfoys are not allowed\&quot;]}&quot;
}

CONTENT:
b&apos;&apos;
</system-out><system-err>ERROR: (fcb3b474-c7ec-49b9-b3ce-108717fbe743) - RequestValidationError &quot;Request data does not match schema.&quot;
Traceback (most recent call last):
  File &quot;/home/vsts/work/1/s/spanserver/_req_resp.py&quot;, line 148, in media
    loaded, mimetype_decoded = decode_content(  # type: ignore
  File &quot;/opt/hostedtoolcache/Python/3.8.1/x64/lib/python3.8/site-packages/spantools/_content_load.py&quot;, line 99, in decode_content
    content_loaded = data_schema.load(content_mimetype)
  File &quot;/opt/hostedtoolcache/Python/3.8.1/x64/lib/python3.8/site-packages/grahamcracker/_schema_classes.py&quot;, line 115, in load
    return super().load(
  File &quot;/opt/hostedtoolcache/Python/3.8.1/x64/lib/python3.8/site-packages/marshmallow/schema.py&quot;, line 722, in load
    return self._do_load(
  File &quot;/opt/hostedtoolcache/Python/3.8.1/x64/lib/python3.8/site-packages/marshmallow/schema.py&quot;, line 904, in _do_load
    raise exc
marshmallow.exceptions.ValidationError: {&apos;last&apos;: [&apos;Malfoys are not allowed&apos;]}

During handling of the above exception, another exception occurred:

Traceback (most recent call last):
  File &quot;/home/vsts/work/1/s/spanserver/_method_wrapper.py&quot;, line 68, in wrapper
    await endpoint_method(self, req, resp, *args, **kwargs)
  File &quot;/home/vsts/work/1/s/spanserver/_api.py&quot;, line 318, in wrapper
    await route_method(route, http_req, http_resp, **kwargs)
  File &quot;/home/vsts/work/1/s/zdevelop/tests/test_api.py&quot;, line 374, in on_post
    data = await req.media_loaded()
  File &quot;/home/vsts/work/1/s/spanserver/_req_resp.py&quot;, line 174, in media_loaded
    await self.media()
  File &quot;/home/vsts/work/1/s/spanserver/_req_resp.py&quot;, line 156, in media
    raise RequestValidationError(
spantools.errors_api._classes.RequestValidationError: Request data does not match schema.
</system-err></testcase><testcase classname="zdevelop.tests.test_api.TestUseSchemaReq" file="zdevelop/tests/test_api.py" line="297" name="test_req_load_schema[False-LoadOptions.VALIDATE_ONLY-notajson-None-RequestValidationError]" time="0.015"><system-out>RESPONSE: &lt;Response [400]&gt;

HEADERS:
{
    &quot;error-name&quot;: &quot;RequestValidationError&quot;,
    &quot;error-message&quot;: &quot;Media could not be decoded.&quot;,
    &quot;error-id&quot;: &quot;5b1cbb36-cedf-45bb-ae6f-48daf88403be&quot;,
    &quot;error-code&quot;: &quot;1003&quot;
}

CONTENT:
b&apos;&apos;
</system-out><system-err>ERROR: (5b1cbb36-cedf-45bb-ae6f-48daf88403be) - RequestValidationError &quot;Media could not be decoded.&quot;
Traceback (most recent call last):
  File &quot;/opt/hostedtoolcache/Python/3.8.1/x64/lib/python3.8/site-packages/spantools/_content_load.py&quot;, line 46, in _load_content_by_mimetype
    return deserializer(content)
  File &quot;/opt/hostedtoolcache/Python/3.8.1/x64/lib/python3.8/site-packages/spantools/_encoders.py&quot;, line 67, in json_decode
    raise ValueError(&quot;json did not decode to list or object&quot;)
ValueError: json did not decode to list or object

During handling of the above exception, another exception occurred:

Traceback (most recent call last):
  File &quot;/home/vsts/work/1/s/spanserver/_req_resp.py&quot;, line 148, in media
    loaded, mimetype_decoded = decode_content(  # type: ignore
  File &quot;/opt/hostedtoolcache/Python/3.8.1/x64/lib/python3.8/site-packages/spantools/_content_load.py&quot;, line 93, in decode_content
    content_mimetype = _load_content_by_mimetype(
  File &quot;/opt/hostedtoolcache/Python/3.8.1/x64/lib/python3.8/site-packages/spantools/_content_load.py&quot;, line 48, in _load_content_by_mimetype
    raise ContentDecodeError(f&quot;Error occurred while decoding content as {mimetype}&quot;)
spantools._errors.ContentDecodeError: Error occurred while decoding content as MimeType.JSON

During handling of the above exception, another exception occurred:

Traceback (most recent call last):
  File &quot;/home/vsts/work/1/s/spanserver/_method_wrapper.py&quot;, line 68, in wrapper
    await endpoint_method(self, req, resp, *args, **kwargs)
  File &quot;/home/vsts/work/1/s/spanserver/_api.py&quot;, line 318, in wrapper
    await route_method(route, http_req, http_resp, **kwargs)
  File &quot;/home/vsts/work/1/s/zdevelop/tests/test_api.py&quot;, line 374, in on_post
    data = await req.media_loaded()
  File &quot;/home/vsts/work/1/s/spanserver/_req_resp.py&quot;, line 174, in media_loaded
    await self.media()
  File &quot;/home/vsts/work/1/s/spanserver/_req_resp.py&quot;, line 160, in media
    raise RequestValidationError(&quot;Media could not be decoded.&quot;)
spantools.errors_api._classes.RequestValidationError: Media could not be decoded.
</system-err></testcase><testcase classname="zdevelop.tests.test_api.TestUseSchemaReq" file="zdevelop/tests/test_api.py" line="297" name="test_req_load_schema[False-LoadOptions.IGNORE-data_post8-data_passed8-None]" time="0.015"><system-out>RESPONSE: &lt;Response [200]&gt;

HEADERS:
{}

CONTENT:
b&apos;&apos;
</system-out></testcase><testcase classname="zdevelop.tests.test_api.TestUseSchemaReq" file="zdevelop/tests/test_api.py" line="297" name="test_req_load_schema[False-LoadOptions.IGNORE-data_post9-data_passed9-None]" time="0.015"><system-out>RESPONSE: &lt;Response [200]&gt;

HEADERS:
{}

CONTENT:
b&apos;&apos;
</system-out></testcase><testcase classname="zdevelop.tests.test_api.TestUseSchemaReq" file="zdevelop/tests/test_api.py" line="297" name="test_req_load_schema[False-LoadOptions.IGNORE-data_post10-data_passed10-None]" time="0.015"><system-out>RESPONSE: &lt;Response [200]&gt;

HEADERS:
{}

CONTENT:
b&apos;&apos;
</system-out></testcase><testcase classname="zdevelop.tests.test_api.TestUseSchemaReq" file="zdevelop/tests/test_api.py" line="399" name="test_req_load_schema_class" time="0.014"><system-out>RESPONSE: &lt;Response [200]&gt;

HEADERS:
{}

CONTENT:
b&apos;&apos;
</system-out></testcase><testcase classname="zdevelop.tests.test_api.TestUseSchemaReq" file="zdevelop/tests/test_api.py" line="410" name="test_req_load_bson_list[data0]" time="0.015"><system-out>RESPONSE: &lt;Response [200]&gt;

HEADERS:
{}

CONTENT:
b&apos;&apos;
</system-out></testcase><testcase classname="zdevelop.tests.test_api.TestUseSchemaReq" file="zdevelop/tests/test_api.py" line="410" name="test_req_load_bson_list[data1]" time="0.015"><system-out>RESPONSE: &lt;Response [200]&gt;

HEADERS:
{}

CONTENT:
b&apos;&apos;
</system-out></testcase><testcase classname="zdevelop.tests.test_api.TestUseSchemaReq" file="zdevelop/tests/test_api.py" line="432" name="test_req_schema_class_marshmallow" time="0.014"><system-out>RESPONSE: &lt;Response [200]&gt;

HEADERS:
{}

CONTENT:
b&apos;&apos;
</system-out></testcase><testcase classname="zdevelop.tests.test_api.TestUseSchemaReq" file="zdevelop/tests/test_api.py" line="450" name="test_req_load_text" time="0.018"><system-out>RESPONSE: &lt;Response [200]&gt;

HEADERS:
{}

CONTENT:
b&apos;&apos;
</system-out></testcase><testcase classname="zdevelop.tests.test_api.TestUseSchemaReq" file="zdevelop/tests/test_api.py" line="461" name="test_error_not_a_json" time="0.017"><system-out>RESPONSE: &lt;Response [400]&gt;

HEADERS:
{
    &quot;error-name&quot;: &quot;RequestValidationError&quot;,
    &quot;error-message&quot;: &quot;Media could not be decoded.&quot;,
    &quot;error-id&quot;: &quot;e572d323-8b27-4ef5-ab5f-751d69166fdd&quot;,
    &quot;error-code&quot;: &quot;1003&quot;
}

CONTENT:
b&apos;&apos;
</system-out><system-err>ERROR: (e572d323-8b27-4ef5-ab5f-751d69166fdd) - RequestValidationError &quot;Media could not be decoded.&quot;
Traceback (most recent call last):
  File &quot;/opt/hostedtoolcache/Python/3.8.1/x64/lib/python3.8/site-packages/spantools/_content_load.py&quot;, line 46, in _load_content_by_mimetype
    return deserializer(content)
  File &quot;/opt/hostedtoolcache/Python/3.8.1/x64/lib/python3.8/site-packages/spantools/_encoders.py&quot;, line 65, in json_decode
    loaded = rapidjson.loads(content)
rapidjson.JSONDecodeError: Parse error at offset 0: The document is empty.

During handling of the above exception, another exception occurred:

Traceback (most recent call last):
  File &quot;/home/vsts/work/1/s/spanserver/_req_resp.py&quot;, line 148, in media
    loaded, mimetype_decoded = decode_content(  # type: ignore
  File &quot;/opt/hostedtoolcache/Python/3.8.1/x64/lib/python3.8/site-packages/spantools/_content_load.py&quot;, line 93, in decode_content
    content_mimetype = _load_content_by_mimetype(
  File &quot;/opt/hostedtoolcache/Python/3.8.1/x64/lib/python3.8/site-packages/spantools/_content_load.py&quot;, line 48, in _load_content_by_mimetype
    raise ContentDecodeError(f&quot;Error occurred while decoding content as {mimetype}&quot;)
spantools._errors.ContentDecodeError: Error occurred while decoding content as MimeType.JSON

During handling of the above exception, another exception occurred:

Traceback (most recent call last):
  File &quot;/home/vsts/work/1/s/spanserver/_method_wrapper.py&quot;, line 68, in wrapper
    await endpoint_method(self, req, resp, *args, **kwargs)
  File &quot;/home/vsts/work/1/s/spanserver/_api.py&quot;, line 318, in wrapper
    await route_method(route, http_req, http_resp, **kwargs)
  File &quot;/home/vsts/work/1/s/zdevelop/tests/test_api.py&quot;, line 467, in on_post
    await req.media()
  File &quot;/home/vsts/work/1/s/spanserver/_req_resp.py&quot;, line 160, in media
    raise RequestValidationError(&quot;Media could not be decoded.&quot;)
spantools.errors_api._classes.RequestValidationError: Media could not be decoded.
</system-err></testcase><testcase classname="zdevelop.tests.test_api.TestUseSchemaResp" file="zdevelop/tests/test_api.py" line="474" name="test_use_schema_resp[False-DumpOptions.DUMP_ONLY-data_send0-data_returned0-None]" time="0.015"><system-out>RESPONSE: &lt;Response [200]&gt;

HEADERS:
{
    &quot;content-type&quot;: &quot;application/json&quot;,
    &quot;content-length&quot;: &quot;77&quot;
}

JSON:
{
    &quot;last&quot;: &quot;Potter&quot;,
    &quot;id&quot;: &quot;6ac47e9d-acf6-420a-a164-dac1c981a14f&quot;,
    &quot;first&quot;: &quot;Harry&quot;
}
</system-out></testcase><testcase classname="zdevelop.tests.test_api.TestUseSchemaResp" file="zdevelop/tests/test_api.py" line="474" name="test_use_schema_resp[False-DumpOptions.DUMP_ONLY-data_send1-data_returned1-None]" time="0.015"><system-out>RESPONSE: &lt;Response [200]&gt;

HEADERS:
{
    &quot;content-type&quot;: &quot;application/json&quot;,
    &quot;content-length&quot;: &quot;77&quot;
}

JSON:
{
    &quot;last&quot;: &quot;Malfoy&quot;,
    &quot;id&quot;: &quot;6ac47e9d-acf6-420a-a164-dac1c981a14f&quot;,
    &quot;first&quot;: &quot;Draco&quot;
}
</system-out></testcase><testcase classname="zdevelop.tests.test_api.TestUseSchemaResp" file="zdevelop/tests/test_api.py" line="474" name="test_use_schema_resp[False-DumpOptions.DUMP_ONLY-data_send2-data_returned2-None]" time="0.014"><system-out>RESPONSE: &lt;Response [200]&gt;

HEADERS:
{
    &quot;content-type&quot;: &quot;application/json&quot;,
    &quot;content-length&quot;: &quot;46&quot;
}

JSON:
{
    &quot;last&quot;: &quot;Potter&quot;,
    &quot;id&quot;: &quot;badid&quot;,
    &quot;first&quot;: &quot;Harry&quot;
}
</system-out></testcase><testcase classname="zdevelop.tests.test_api.TestUseSchemaResp" file="zdevelop/tests/test_api.py" line="474" name="test_use_schema_resp[False-DumpOptions.DUMP_AND_VALIDATE-data_send3-data_returned3-None]" time="0.014"><system-out>RESPONSE: &lt;Response [200]&gt;

HEADERS:
{
    &quot;content-type&quot;: &quot;application/json&quot;,
    &quot;content-length&quot;: &quot;77&quot;
}

JSON:
{
    &quot;last&quot;: &quot;Potter&quot;,
    &quot;id&quot;: &quot;6ac47e9d-acf6-420a-a164-dac1c981a14f&quot;,
    &quot;first&quot;: &quot;Harry&quot;
}
</system-out></testcase><testcase classname="zdevelop.tests.test_api.TestUseSchemaResp" file="zdevelop/tests/test_api.py" line="474" name="test_use_schema_resp[False-DumpOptions.DUMP_AND_VALIDATE-data_send4-None-ResponseValidationError]" time="0.014"><system-out>RESPONSE: &lt;Response [400]&gt;

HEADERS:
{
    &quot;content-type&quot;: &quot;application/json&quot;,
    &quot;error-name&quot;: &quot;ResponseValidationError&quot;,
    &quot;error-message&quot;: &quot;Error in response data.&quot;,
    &quot;error-id&quot;: &quot;c61c39a5-2bf2-40d5-bffa-ae81ea8369f5&quot;,
    &quot;error-code&quot;: &quot;1005&quot;,
    &quot;error-data&quot;: &quot;{\&quot;id\&quot;: [\&quot;Not a valid UUID.\&quot;]}&quot;
}

CONTENT:
b&apos;&apos;
</system-out><system-err>ERROR: (c61c39a5-2bf2-40d5-bffa-ae81ea8369f5) - ResponseValidationError &quot;Error in response data.&quot;
Traceback (most recent call last):
  File &quot;/home/vsts/work/1/s/spanserver/_req_resp.py&quot;, line 283, in _dump_media
    content = encode_content(
  File &quot;/opt/hostedtoolcache/Python/3.8.1/x64/lib/python3.8/site-packages/spantools/_content_dump.py&quot;, line 186, in encode_content
    content = _encode_known_mimetype(
  File &quot;/opt/hostedtoolcache/Python/3.8.1/x64/lib/python3.8/site-packages/spantools/_content_dump.py&quot;, line 142, in _encode_known_mimetype
    raise error
  File &quot;/opt/hostedtoolcache/Python/3.8.1/x64/lib/python3.8/site-packages/spantools/_content_dump.py&quot;, line 140, in _encode_known_mimetype
    content = encoder(content)
  File &quot;/opt/hostedtoolcache/Python/3.8.1/x64/lib/python3.8/site-packages/spantools/_content_dump.py&quot;, line 63, in __call__
    raise marshmallow.ValidationError(message=errors)
marshmallow.exceptions.ValidationError: {&apos;id&apos;: [&apos;Not a valid UUID.&apos;]}

During handling of the above exception, another exception occurred:

Traceback (most recent call last):
  File &quot;/home/vsts/work/1/s/spanserver/_method_wrapper.py&quot;, line 70, in wrapper
    resp._dump_media()
  File &quot;/home/vsts/work/1/s/spanserver/_req_resp.py&quot;, line 293, in _dump_media
    raise ResponseValidationError(
spantools.errors_api._classes.ResponseValidationError: Error in response data.
</system-err></testcase><testcase classname="zdevelop.tests.test_api.TestUseSchemaResp" file="zdevelop/tests/test_api.py" line="474" name="test_use_schema_resp[False-DumpOptions.DUMP_AND_VALIDATE-data_send5-None-ResponseValidationError]" time="0.015"><system-out>RESPONSE: &lt;Response [400]&gt;

HEADERS:
{
    &quot;content-type&quot;: &quot;application/json&quot;,
    &quot;error-name&quot;: &quot;ResponseValidationError&quot;,
    &quot;error-message&quot;: &quot;Error in response data.&quot;,
    &quot;error-id&quot;: &quot;bfb5a774-98e6-45e3-ab90-be8efea4ea9b&quot;,
    &quot;error-code&quot;: &quot;1005&quot;,
    &quot;error-data&quot;: &quot;{\&quot;last\&quot;: [\&quot;Malfoys are not allowed\&quot;]}&quot;
}

CONTENT:
b&apos;&apos;
</system-out><system-err>ERROR: (bfb5a774-98e6-45e3-ab90-be8efea4ea9b) - ResponseValidationError &quot;Error in response data.&quot;
Traceback (most recent call last):
  File &quot;/home/vsts/work/1/s/spanserver/_req_resp.py&quot;, line 283, in _dump_media
    content = encode_content(
  File &quot;/opt/hostedtoolcache/Python/3.8.1/x64/lib/python3.8/site-packages/spantools/_content_dump.py&quot;, line 186, in encode_content
    content = _encode_known_mimetype(
  File &quot;/opt/hostedtoolcache/Python/3.8.1/x64/lib/python3.8/site-packages/spantools/_content_dump.py&quot;, line 142, in _encode_known_mimetype
    raise error
  File &quot;/opt/hostedtoolcache/Python/3.8.1/x64/lib/python3.8/site-packages/spantools/_content_dump.py&quot;, line 140, in _encode_known_mimetype
    content = encoder(content)
  File &quot;/opt/hostedtoolcache/Python/3.8.1/x64/lib/python3.8/site-packages/spantools/_content_dump.py&quot;, line 63, in __call__
    raise marshmallow.ValidationError(message=errors)
marshmallow.exceptions.ValidationError: {&apos;last&apos;: [&apos;Malfoys are not allowed&apos;]}

During handling of the above exception, another exception occurred:

Traceback (most recent call last):
  File &quot;/home/vsts/work/1/s/spanserver/_method_wrapper.py&quot;, line 70, in wrapper
    resp._dump_media()
  File &quot;/home/vsts/work/1/s/spanserver/_req_resp.py&quot;, line 293, in _dump_media
    raise ResponseValidationError(
spantools.errors_api._classes.ResponseValidationError: Error in response data.
</system-err></testcase><testcase classname="zdevelop.tests.test_api.TestUseSchemaResp" file="zdevelop/tests/test_api.py" line="474" name="test_use_schema_resp[False-DumpOptions.VALIDATE_ONLY-data_send6-data_returned6-None]" time="0.013"><system-out>RESPONSE: &lt;Response [200]&gt;

HEADERS:
{
    &quot;content-type&quot;: &quot;application/json&quot;,
    &quot;content-length&quot;: &quot;77&quot;
}

JSON:
{
    &quot;last&quot;: &quot;Potter&quot;,
    &quot;id&quot;: &quot;6ac47e9d-acf6-420a-a164-dac1c981a14f&quot;,
    &quot;first&quot;: &quot;Harry&quot;
}
</system-out></testcase><testcase classname="zdevelop.tests.test_api.TestUseSchemaResp" file="zdevelop/tests/test_api.py" line="474" name="test_use_schema_resp[False-DumpOptions.VALIDATE_ONLY-data_send7-None-ResponseValidationError]" time="0.015"><system-out>RESPONSE: &lt;Response [400]&gt;

HEADERS:
{
    &quot;error-name&quot;: &quot;ResponseValidationError&quot;,
    &quot;error-message&quot;: &quot;Error in response data.&quot;,
    &quot;error-id&quot;: &quot;e4993cab-9618-47e4-a0a4-065b8e465163&quot;,
    &quot;error-code&quot;: &quot;1005&quot;,
    &quot;error-data&quot;: &quot;{\&quot;last\&quot;: [\&quot;Malfoys are not allowed\&quot;]}&quot;
}

CONTENT:
b&apos;&apos;
</system-out><system-err>ERROR: (e4993cab-9618-47e4-a0a4-065b8e465163) - ResponseValidationError &quot;Error in response data.&quot;
Traceback (most recent call last):
  File &quot;/home/vsts/work/1/s/spanserver/_method_wrapper.py&quot;, line 70, in wrapper
    resp._dump_media()
  File &quot;/home/vsts/work/1/s/spanserver/_req_resp.py&quot;, line 279, in _dump_media
    raise ResponseValidationError(
spantools.errors_api._classes.ResponseValidationError: Error in response data.
</system-err></testcase><testcase classname="zdevelop.tests.test_api.TestUseSchemaResp" file="zdevelop/tests/test_api.py" line="474" name="test_use_schema_resp[False-DumpOptions.IGNORE-data_send8-data_returned8-None]" time="0.015"><system-out>RESPONSE: &lt;Response [200]&gt;

HEADERS:
{
    &quot;content-type&quot;: &quot;application/json&quot;,
    &quot;content-length&quot;: &quot;77&quot;
}

JSON:
{
    &quot;last&quot;: &quot;Potter&quot;,
    &quot;id&quot;: &quot;6ac47e9d-acf6-420a-a164-dac1c981a14f&quot;,
    &quot;first&quot;: &quot;Harry&quot;
}
</system-out></testcase><testcase classname="zdevelop.tests.test_api.TestUseSchemaResp" file="zdevelop/tests/test_api.py" line="474" name="test_use_schema_resp[False-DumpOptions.IGNORE-data_send9-data_returned9-None]" time="0.016"><system-out>RESPONSE: &lt;Response [200]&gt;

HEADERS:
{
    &quot;content-type&quot;: &quot;application/json&quot;,
    &quot;content-length&quot;: &quot;46&quot;
}

JSON:
{
    &quot;last&quot;: &quot;Potter&quot;,
    &quot;id&quot;: &quot;badid&quot;,
    &quot;first&quot;: &quot;Harry&quot;
}
</system-out></testcase><testcase classname="zdevelop.tests.test_api.TestUseSchemaResp" file="zdevelop/tests/test_api.py" line="474" name="test_use_schema_resp[False-DumpOptions.IGNORE-data_send10-data_returned10-None]" time="0.015"><system-out>RESPONSE: &lt;Response [200]&gt;

HEADERS:
{
    &quot;content-type&quot;: &quot;application/json&quot;,
    &quot;content-length&quot;: &quot;77&quot;
}

JSON:
{
    &quot;id&quot;: &quot;6ac47e9d-acf6-420a-a164-dac1c981a14f&quot;,
    &quot;first&quot;: &quot;Draco&quot;,
    &quot;last&quot;: &quot;Malfoy&quot;
}
</system-out></testcase><testcase classname="zdevelop.tests.test_api.TestUseSchemaResp" file="zdevelop/tests/test_api.py" line="474" name="test_use_schema_resp[True-DumpOptions.DUMP_ONLY-data_send0-data_returned0-None]" time="0.048"><system-out>RESPONSE: &lt;Response [200]&gt;

HEADERS:
{
    &quot;content-type&quot;: &quot;application/bson&quot;,
    &quot;content-length&quot;: &quot;84&quot;
}

CONTENT:
b&apos;T\x00\x00\x00\x02last\x00\x07\x00\x00\x00Potter\x00\x02id\x00%\x00\x00\x006ac47e9d-acf6-420a-a164-dac1c981a14f\x00\x02first\x00\x06\x00\x00\x00Harry\x00\x00&apos;
</system-out></testcase><testcase classname="zdevelop.tests.test_api.TestUseSchemaResp" file="zdevelop/tests/test_api.py" line="474" name="test_use_schema_resp[True-DumpOptions.DUMP_ONLY-data_send1-data_returned1-None]" time="0.015"><system-out>RESPONSE: &lt;Response [200]&gt;

HEADERS:
{
    &quot;content-type&quot;: &quot;application/bson&quot;,
    &quot;content-length&quot;: &quot;84&quot;
}

CONTENT:
b&apos;T\x00\x00\x00\x02last\x00\x07\x00\x00\x00Malfoy\x00\x02id\x00%\x00\x00\x006ac47e9d-acf6-420a-a164-dac1c981a14f\x00\x02first\x00\x06\x00\x00\x00Draco\x00\x00&apos;
</system-out></testcase><testcase classname="zdevelop.tests.test_api.TestUseSchemaResp" file="zdevelop/tests/test_api.py" line="474" name="test_use_schema_resp[True-DumpOptions.DUMP_ONLY-data_send2-data_returned2-None]" time="0.015"><system-out>RESPONSE: &lt;Response [200]&gt;

HEADERS:
{
    &quot;content-type&quot;: &quot;application/bson&quot;,
    &quot;content-length&quot;: &quot;53&quot;
}

CONTENT:
b&apos;5\x00\x00\x00\x02last\x00\x07\x00\x00\x00Potter\x00\x02id\x00\x06\x00\x00\x00badid\x00\x02first\x00\x06\x00\x00\x00Harry\x00\x00&apos;
</system-out></testcase><testcase classname="zdevelop.tests.test_api.TestUseSchemaResp" file="zdevelop/tests/test_api.py" line="474" name="test_use_schema_resp[True-DumpOptions.DUMP_AND_VALIDATE-data_send3-data_returned3-None]" time="0.014"><system-out>RESPONSE: &lt;Response [200]&gt;

HEADERS:
{
    &quot;content-type&quot;: &quot;application/bson&quot;,
    &quot;content-length&quot;: &quot;84&quot;
}

CONTENT:
b&apos;T\x00\x00\x00\x02last\x00\x07\x00\x00\x00Potter\x00\x02id\x00%\x00\x00\x006ac47e9d-acf6-420a-a164-dac1c981a14f\x00\x02first\x00\x06\x00\x00\x00Harry\x00\x00&apos;
</system-out></testcase><testcase classname="zdevelop.tests.test_api.TestUseSchemaResp" file="zdevelop/tests/test_api.py" line="474" name="test_use_schema_resp[True-DumpOptions.DUMP_AND_VALIDATE-data_send4-None-ResponseValidationError]" time="0.014"><system-out>RESPONSE: &lt;Response [400]&gt;

HEADERS:
{
    &quot;content-type&quot;: &quot;application/bson&quot;,
    &quot;error-name&quot;: &quot;ResponseValidationError&quot;,
    &quot;error-message&quot;: &quot;Error in response data.&quot;,
    &quot;error-id&quot;: &quot;fe13ccee-d3ed-49f1-b513-54314fdd161f&quot;,
    &quot;error-code&quot;: &quot;1005&quot;,
    &quot;error-data&quot;: &quot;{\&quot;id\&quot;: [\&quot;Not a valid UUID.\&quot;]}&quot;
}

CONTENT:
b&apos;&apos;
</system-out><system-err>ERROR: (fe13ccee-d3ed-49f1-b513-54314fdd161f) - ResponseValidationError &quot;Error in response data.&quot;
Traceback (most recent call last):
  File &quot;/home/vsts/work/1/s/spanserver/_req_resp.py&quot;, line 283, in _dump_media
    content = encode_content(
  File &quot;/opt/hostedtoolcache/Python/3.8.1/x64/lib/python3.8/site-packages/spantools/_content_dump.py&quot;, line 186, in encode_content
    content = _encode_known_mimetype(
  File &quot;/opt/hostedtoolcache/Python/3.8.1/x64/lib/python3.8/site-packages/spantools/_content_dump.py&quot;, line 142, in _encode_known_mimetype
    raise error
  File &quot;/opt/hostedtoolcache/Python/3.8.1/x64/lib/python3.8/site-packages/spantools/_content_dump.py&quot;, line 140, in _encode_known_mimetype
    content = encoder(content)
  File &quot;/opt/hostedtoolcache/Python/3.8.1/x64/lib/python3.8/site-packages/spantools/_content_dump.py&quot;, line 63, in __call__
    raise marshmallow.ValidationError(message=errors)
marshmallow.exceptions.ValidationError: {&apos;id&apos;: [&apos;Not a valid UUID.&apos;]}

During handling of the above exception, another exception occurred:

Traceback (most recent call last):
  File &quot;/home/vsts/work/1/s/spanserver/_method_wrapper.py&quot;, line 70, in wrapper
    resp._dump_media()
  File &quot;/home/vsts/work/1/s/spanserver/_req_resp.py&quot;, line 293, in _dump_media
    raise ResponseValidationError(
spantools.errors_api._classes.ResponseValidationError: Error in response data.
</system-err></testcase><testcase classname="zdevelop.tests.test_api.TestUseSchemaResp" file="zdevelop/tests/test_api.py" line="474" name="test_use_schema_resp[True-DumpOptions.DUMP_AND_VALIDATE-data_send5-None-ResponseValidationError]" time="0.015"><system-out>RESPONSE: &lt;Response [400]&gt;

HEADERS:
{
    &quot;content-type&quot;: &quot;application/bson&quot;,
    &quot;error-name&quot;: &quot;ResponseValidationError&quot;,
    &quot;error-message&quot;: &quot;Error in response data.&quot;,
    &quot;error-id&quot;: &quot;85704d55-4015-4783-82e8-aeaa7b6c1add&quot;,
    &quot;error-code&quot;: &quot;1005&quot;,
    &quot;error-data&quot;: &quot;{\&quot;last\&quot;: [\&quot;Malfoys are not allowed\&quot;]}&quot;
}

CONTENT:
b&apos;&apos;
</system-out><system-err>ERROR: (85704d55-4015-4783-82e8-aeaa7b6c1add) - ResponseValidationError &quot;Error in response data.&quot;
Traceback (most recent call last):
  File &quot;/home/vsts/work/1/s/spanserver/_req_resp.py&quot;, line 283, in _dump_media
    content = encode_content(
  File &quot;/opt/hostedtoolcache/Python/3.8.1/x64/lib/python3.8/site-packages/spantools/_content_dump.py&quot;, line 186, in encode_content
    content = _encode_known_mimetype(
  File &quot;/opt/hostedtoolcache/Python/3.8.1/x64/lib/python3.8/site-packages/spantools/_content_dump.py&quot;, line 142, in _encode_known_mimetype
    raise error
  File &quot;/opt/hostedtoolcache/Python/3.8.1/x64/lib/python3.8/site-packages/spantools/_content_dump.py&quot;, line 140, in _encode_known_mimetype
    content = encoder(content)
  File &quot;/opt/hostedtoolcache/Python/3.8.1/x64/lib/python3.8/site-packages/spantools/_content_dump.py&quot;, line 63, in __call__
    raise marshmallow.ValidationError(message=errors)
marshmallow.exceptions.ValidationError: {&apos;last&apos;: [&apos;Malfoys are not allowed&apos;]}

During handling of the above exception, another exception occurred:

Traceback (most recent call last):
  File &quot;/home/vsts/work/1/s/spanserver/_method_wrapper.py&quot;, line 70, in wrapper
    resp._dump_media()
  File &quot;/home/vsts/work/1/s/spanserver/_req_resp.py&quot;, line 293, in _dump_media
    raise ResponseValidationError(
spantools.errors_api._classes.ResponseValidationError: Error in response data.
</system-err></testcase><testcase classname="zdevelop.tests.test_api.TestUseSchemaResp" file="zdevelop/tests/test_api.py" line="474" name="test_use_schema_resp[True-DumpOptions.VALIDATE_ONLY-data_send6-data_returned6-None]" time="0.016"><system-out>RESPONSE: &lt;Response [200]&gt;

HEADERS:
{
    &quot;content-type&quot;: &quot;application/bson&quot;,
    &quot;content-length&quot;: &quot;84&quot;
}

CONTENT:
b&apos;T\x00\x00\x00\x02last\x00\x07\x00\x00\x00Potter\x00\x02id\x00%\x00\x00\x006ac47e9d-acf6-420a-a164-dac1c981a14f\x00\x02first\x00\x06\x00\x00\x00Harry\x00\x00&apos;
</system-out></testcase><testcase classname="zdevelop.tests.test_api.TestUseSchemaResp" file="zdevelop/tests/test_api.py" line="474" name="test_use_schema_resp[True-DumpOptions.VALIDATE_ONLY-data_send7-None-ResponseValidationError]" time="0.014"><system-out>RESPONSE: &lt;Response [400]&gt;

HEADERS:
{
    &quot;content-type&quot;: &quot;application/bson&quot;,
    &quot;error-name&quot;: &quot;ResponseValidationError&quot;,
    &quot;error-message&quot;: &quot;Error in response data.&quot;,
    &quot;error-id&quot;: &quot;649e7d6c-58ea-43ef-8065-dde186434db7&quot;,
    &quot;error-code&quot;: &quot;1005&quot;,
    &quot;error-data&quot;: &quot;{\&quot;last\&quot;: [\&quot;Malfoys are not allowed\&quot;]}&quot;
}

CONTENT:
b&apos;&apos;
</system-out><system-err>ERROR: (649e7d6c-58ea-43ef-8065-dde186434db7) - ResponseValidationError &quot;Error in response data.&quot;
Traceback (most recent call last):
  File &quot;/home/vsts/work/1/s/spanserver/_method_wrapper.py&quot;, line 70, in wrapper
    resp._dump_media()
  File &quot;/home/vsts/work/1/s/spanserver/_req_resp.py&quot;, line 279, in _dump_media
    raise ResponseValidationError(
spantools.errors_api._classes.ResponseValidationError: Error in response data.
</system-err></testcase><testcase classname="zdevelop.tests.test_api.TestUseSchemaResp" file="zdevelop/tests/test_api.py" line="474" name="test_use_schema_resp[True-DumpOptions.IGNORE-data_send8-data_returned8-None]" time="0.014"><system-out>RESPONSE: &lt;Response [200]&gt;

HEADERS:
{
    &quot;content-type&quot;: &quot;application/bson&quot;,
    &quot;content-length&quot;: &quot;84&quot;
}

CONTENT:
b&apos;T\x00\x00\x00\x02last\x00\x07\x00\x00\x00Potter\x00\x02id\x00%\x00\x00\x006ac47e9d-acf6-420a-a164-dac1c981a14f\x00\x02first\x00\x06\x00\x00\x00Harry\x00\x00&apos;
</system-out></testcase><testcase classname="zdevelop.tests.test_api.TestUseSchemaResp" file="zdevelop/tests/test_api.py" line="474" name="test_use_schema_resp[True-DumpOptions.IGNORE-data_send9-data_returned9-None]" time="0.016"><system-out>RESPONSE: &lt;Response [200]&gt;

HEADERS:
{
    &quot;content-type&quot;: &quot;application/bson&quot;,
    &quot;content-length&quot;: &quot;53&quot;
}

CONTENT:
b&apos;5\x00\x00\x00\x02last\x00\x07\x00\x00\x00Potter\x00\x02id\x00\x06\x00\x00\x00badid\x00\x02first\x00\x06\x00\x00\x00Harry\x00\x00&apos;
</system-out></testcase><testcase classname="zdevelop.tests.test_api.TestUseSchemaResp" file="zdevelop/tests/test_api.py" line="474" name="test_use_schema_resp[True-DumpOptions.IGNORE-data_send10-data_returned10-None]" time="0.016"><system-out>RESPONSE: &lt;Response [200]&gt;

HEADERS:
{
    &quot;content-type&quot;: &quot;application/bson&quot;,
    &quot;content-length&quot;: &quot;84&quot;
}

CONTENT:
b&apos;T\x00\x00\x00\x02id\x00%\x00\x00\x006ac47e9d-acf6-420a-a164-dac1c981a14f\x00\x02first\x00\x06\x00\x00\x00Draco\x00\x02last\x00\x07\x00\x00\x00Malfoy\x00\x00&apos;
</system-out></testcase><testcase classname="zdevelop.tests.test_api.TestUseSchemaResp" file="zdevelop/tests/test_api.py" line="553" name="test_resp_schema_class" time="0.015"><system-out>RESPONSE: &lt;Response [200]&gt;

HEADERS:
{
    &quot;content-type&quot;: &quot;application/json&quot;,
    &quot;content-length&quot;: &quot;77&quot;
}

JSON:
{
    &quot;last&quot;: &quot;Potter&quot;,
    &quot;id&quot;: &quot;6ac47e9d-acf6-420a-a164-dac1c981a14f&quot;,
    &quot;first&quot;: &quot;Harry&quot;
}
</system-out></testcase><testcase classname="zdevelop.tests.test_api.TestUseSchemaResp" file="zdevelop/tests/test_api.py" line="565" name="test_resp_bson_raw[application/bson]" time="0.015"><system-out>RESPONSE: &lt;Response [200]&gt;

HEADERS:
{
    &quot;content-type&quot;: &quot;application/bson&quot;,
    &quot;content-length&quot;: &quot;84&quot;
}

CONTENT:
b&apos;T\x00\x00\x00\x02last\x00\x07\x00\x00\x00Potter\x00\x02id\x00%\x00\x00\x006ac47e9d-acf6-420a-a164-dac1c981a14f\x00\x02first\x00\x06\x00\x00\x00Harry\x00\x00&apos;
</system-out></testcase><testcase classname="zdevelop.tests.test_api.TestUseSchemaResp" file="zdevelop/tests/test_api.py" line="565" name="test_resp_bson_raw[application/json]" time="0.014"><system-out>RESPONSE: &lt;Response [200]&gt;

HEADERS:
{
    &quot;content-type&quot;: &quot;application/json&quot;,
    &quot;content-length&quot;: &quot;77&quot;
}

JSON:
{
    &quot;last&quot;: &quot;Potter&quot;,
    &quot;id&quot;: &quot;6ac47e9d-acf6-420a-a164-dac1c981a14f&quot;,
    &quot;first&quot;: &quot;Harry&quot;
}
</system-out></testcase><testcase classname="zdevelop.tests.test_api.TestUseSchemaResp" file="zdevelop/tests/test_api.py" line="582" name="test_resp_bson_encode_error" time="0.014"><system-out>RESPONSE: &lt;Response [400]&gt;

HEADERS:
{
    &quot;content-type&quot;: &quot;application/bson&quot;,
    &quot;error-name&quot;: &quot;ResponseValidationError&quot;,
    &quot;error-message&quot;: &quot;Error Encoding Response&quot;,
    &quot;error-id&quot;: &quot;16175f7b-014f-4d31-8f7f-03546f4305c7&quot;,
    &quot;error-code&quot;: &quot;1005&quot;
}

CONTENT:
b&apos;&apos;
</system-out><system-err>ERROR: (16175f7b-014f-4d31-8f7f-03546f4305c7) - ResponseValidationError &quot;Error Encoding Response&quot;
Traceback (most recent call last):
  File &quot;/opt/hostedtoolcache/Python/3.8.1/x64/lib/python3.8/site-packages/spantools/_content_dump.py&quot;, line 140, in _encode_known_mimetype
    content = encoder(content)
  File &quot;/opt/hostedtoolcache/Python/3.8.1/x64/lib/python3.8/site-packages/spantools/_encoders.py&quot;, line 154, in bson_encode
    return _bson_encode_single(data)
  File &quot;/opt/hostedtoolcache/Python/3.8.1/x64/lib/python3.8/site-packages/spantools/_encoders.py&quot;, line 138, in _bson_encode_single
    return bson.BSON.encode(data)
  File &quot;/opt/hostedtoolcache/Python/3.8.1/x64/lib/python3.8/site-packages/bson/__init__.py&quot;, line 1225, in encode
    return cls(encode(document, check_keys, codec_options))
  File &quot;/opt/hostedtoolcache/Python/3.8.1/x64/lib/python3.8/site-packages/bson/__init__.py&quot;, line 947, in encode
    return _dict_to_bson(document, check_keys, codec_options)
bson.errors.InvalidDocument: cannot encode object: Fraction(1, 4), of type: &lt;class &apos;fractions.Fraction&apos;&gt;

During handling of the above exception, another exception occurred:

Traceback (most recent call last):
  File &quot;/home/vsts/work/1/s/spanserver/_req_resp.py&quot;, line 283, in _dump_media
    content = encode_content(
  File &quot;/opt/hostedtoolcache/Python/3.8.1/x64/lib/python3.8/site-packages/spantools/_content_dump.py&quot;, line 186, in encode_content
    content = _encode_known_mimetype(
  File &quot;/opt/hostedtoolcache/Python/3.8.1/x64/lib/python3.8/site-packages/spantools/_content_dump.py&quot;, line 144, in _encode_known_mimetype
    raise ContentEncodeError(&quot;Error while encoding content&quot;)
spantools._errors.ContentEncodeError: Error while encoding content

During handling of the above exception, another exception occurred:

Traceback (most recent call last):
  File &quot;/home/vsts/work/1/s/spanserver/_method_wrapper.py&quot;, line 70, in wrapper
    resp._dump_media()
  File &quot;/home/vsts/work/1/s/spanserver/_req_resp.py&quot;, line 298, in _dump_media
[...]
            paging-total-items:
              description: Total number of items that match request.
              required: true
              schema:
                type: integer
            paging-total-pages:
              description: Total number of pages that match request given current
                limit-per-page.
              required: true
              schema:
                type: integer
        default:
          description: Error.
          headers:
            error-code:
              description: An API error code that identifies the error-type.
              required: true
              schema:
                default: 1000
                type: integer
            error-data:
              description: &apos;JSON-serialized data about the error. For instance: request
                body validation errors will return a dict with details about all offending
                fields.&apos;
              required: false
              schema:
                format: dict
                type: string
            error-id:
              description: A unique ID with details about this error. Please reference
                when reporting errors.
              required: false
              schema:
                format: uuid
                type: string
            error-message:
              description: Message containing information about the error.
              required: true
              schema:
                default: An unknown error has occurred.
                type: string
            error-name:
              description: Human-readable error name.
              required: true
              schema:
                default: APIError
                type: string

</system-out></testcase><testcase classname="zdevelop.tests.test_docstring_gen.TestDocPagedHeaders" file="zdevelop/tests/test_docstring_gen.py" line="790" name="test_paged_not_in_error_default" time="0.089"><system-out>info:
  description: An API for Testing Things
  title: TestAPI
  version: 1.0.0
openapi: 3.0.0
paths:
  /route:
    get:
      parameters:
      - description: Index of first item to be returned in response body.
        in: query
        name: paging-offset
        required: false
        schema:
          default: 10
          type: integer
      - description: Maximum number of items allowed in response body.
        in: query
        name: paging-limit
        required: false
        schema:
          maximum: 200
          type: integer
      responses:
        &apos;200&apos;:
          description: Ok.
          headers:
            paging-current-page:
              description: Page number of item set in response body given current
                limit-per-page.
              required: true
              schema:
                type: integer
            paging-limit:
              description: Maximum number of items allowed in response body.
              required: true
              schema:
                maximum: 200
                type: integer
            paging-next:
              description: URL to next page.
              required: true
              schema:
                type: string
            paging-offset:
              description: Index of first item returned in response body.
              required: true
              schema:
                default: 10
                type: integer
            paging-previous:
              description: URL to previous page.
              required: true
              schema:
                type: string
            paging-total-items:
              description: Total number of items that match request.
              required: true
              schema:
                type: integer
            paging-total-pages:
              description: Total number of pages that match request given current
                limit-per-page.
              required: true
              schema:
                type: integer
        default:
          description: Error.
          headers:
            error-code:
              description: An API error code that identifies the error-type.
              required: true
              schema:
                default: 1000
                type: integer
            error-data:
              description: &apos;JSON-serialized data about the error. For instance: request
                body validation errors will return a dict with details about all offending
                fields.&apos;
              required: false
              schema:
                format: dict
                type: string
            error-id:
              description: A unique ID with details about this error. Please reference
                when reporting errors.
              required: false
              schema:
                format: uuid
                type: string
            error-message:
              description: Message containing information about the error.
              required: true
              schema:
                default: An unknown error has occurred.
                type: string
            error-name:
              description: Human-readable error name.
              required: true
              schema:
                default: APIError
                type: string

</system-out></testcase><testcase classname="zdevelop.tests.test_docstring_gen.TestDocPagedHeaders" file="zdevelop/tests/test_docstring_gen.py" line="807" name="test_paged_not_in_error" time="0.093"><system-out>info:
  description: An API for Testing Things
  title: TestAPI
  version: 1.0.0
openapi: 3.0.0
paths:
  /route:
    get:
      parameters:
      - description: Index of first item to be returned in response body.
        in: query
        name: paging-offset
        required: false
        schema:
          default: 10
          type: integer
      - description: Maximum number of items allowed in response body.
        in: query
        name: paging-limit
        required: false
        schema:
          maximum: 200
          type: integer
      responses:
        &apos;200&apos;:
          description: Ok.
          headers:
            paging-current-page:
              description: Page number of item set in response body given current
                limit-per-page.
              required: true
              schema:
                type: integer
            paging-limit:
              description: Maximum number of items allowed in response body.
              required: true
              schema:
                maximum: 200
                type: integer
            paging-next:
              description: URL to next page.
              required: true
              schema:
                type: string
            paging-offset:
              description: Index of first item returned in response body.
              required: true
              schema:
                default: 10
                type: integer
            paging-previous:
              description: URL to previous page.
              required: true
              schema:
                type: string
            paging-total-items:
              description: Total number of items that match request.
              required: true
              schema:
                type: integer
            paging-total-pages:
              description: Total number of pages that match request given current
                limit-per-page.
              required: true
              schema:
                type: integer
        &apos;401&apos;:
          description: Error.
          headers:
            error-code:
              description: An API error code that identifies the error-type.
              required: true
              schema:
                default: 1000
                type: integer
            error-data:
              description: &apos;JSON-serialized data about the error. For instance: request
                body validation errors will return a dict with details about all offending
                fields.&apos;
              required: false
              schema:
                format: dict
                type: string
            error-id:
              description: A unique ID with details about this error. Please reference
                when reporting errors.
              required: false
              schema:
                format: uuid
                type: string
            error-message:
              description: Message containing information about the error.
              required: true
              schema:
                default: An unknown error has occurred.
                type: string
            error-name:
              description: Human-readable error name.
              required: true
              schema:
                default: APIError
                type: string

</system-out></testcase><testcase classname="zdevelop.tests.test_docstring_gen.TestSaveFiles" file="zdevelop/tests/test_docstring_gen.py" line="829" name="test_openapi_spec_save" time="0.029"></testcase><testcase classname="zdevelop.tests.test_docstring_gen.TestSaveFiles" file="zdevelop/tests/test_docstring_gen.py" line="839" name="test_redoc_save" time="11.777"><system-out>Prerendering docs

🎉 bundled successfully in: zdevelop/tests/redoc.html (915 KiB) [⏱ 0.1s]
</system-out></testcase><testcase classname="zdevelop.tests.test_test_utils.TestValidateResponse" file="zdevelop/tests/test_test_utils.py" line="27" name="test_basic_response" time="0.001"><system-out>RESPONSE: &lt;Response [200]&gt;

HEADERS:
{}

CONTENT:
None
</system-out></testcase><testcase classname="zdevelop.tests.test_test_utils.TestValidateResponse" file="zdevelop/tests/test_test_utils.py" line="33" name="test_basic_response_custom_status" time="0.001"><system-out>RESPONSE: &lt;Response [201]&gt;

HEADERS:
{}

CONTENT:
None
</system-out></testcase><testcase classname="zdevelop.tests.test_test_utils.TestValidateResponse" file="zdevelop/tests/test_test_utils.py" line="39" name="test_basic_response_custom_status_tuple" time="0.001"><system-out>RESPONSE: &lt;Response [201]&gt;

HEADERS:
{}

CONTENT:
None
</system-out></testcase><testcase classname="zdevelop.tests.test_test_utils.TestValidateResponse" file="zdevelop/tests/test_test_utils.py" line="45" name="test_basic_response_status_raises" time="0.001"><system-out>RESPONSE: &lt;Response [201]&gt;

HEADERS:
{}

CONTENT:
None
</system-out></testcase><testcase classname="zdevelop.tests.test_test_utils.TestValidateResponse" file="zdevelop/tests/test_test_utils.py" line="52" name="test_basic_response_status_raises_tuple" time="0.001"><system-out>RESPONSE: &lt;Response [400]&gt;

HEADERS:
{}

CONTENT:
None
</system-out></testcase><testcase classname="zdevelop.tests.test_test_utils.TestValidateResponse" file="zdevelop/tests/test_test_utils.py" line="59" name="test_validate_text" time="0.001"><system-out>RESPONSE: &lt;Response [200]&gt;

HEADERS:
{}

CONTENT:
b&apos;test text&apos;
</system-out></testcase><testcase classname="zdevelop.tests.test_test_utils.TestValidateResponse" file="zdevelop/tests/test_test_utils.py" line="66" name="test_validate_text_raises" time="0.002"><system-out>RESPONSE: &lt;Response [200]&gt;

HEADERS:
{}

CONTENT:
b&apos;test text bad&apos;
</system-out></testcase><testcase classname="zdevelop.tests.test_test_utils.TestValidateResponse" file="zdevelop/tests/test_test_utils.py" line="74" name="test_validate_text_not_text" time="0.001"><system-out>RESPONSE: &lt;Response [200]&gt;

HEADERS:
{}

CONTENT:
b&apos;\x00\x00\x00\x00\x00\x00\x00\x00\x00\x00&apos;
</system-out></testcase><testcase classname="zdevelop.tests.test_test_utils.TestValidateResponse" file="zdevelop/tests/test_test_utils.py" line="82" name="test_validate_headers" time="0.001"><system-out>RESPONSE: &lt;Response [200]&gt;

HEADERS:
{
    &quot;fake&quot;: &quot;header&quot;
}

CONTENT:
None
</system-out></testcase><testcase classname="zdevelop.tests.test_test_utils.TestValidateResponse" file="zdevelop/tests/test_test_utils.py" line="89" name="test_validate_headers_missing" time="0.001"><system-out>RESPONSE: &lt;Response [200]&gt;

HEADERS:
{
    &quot;fake&quot;: &quot;header&quot;
}

CONTENT:
None
</system-out></testcase><testcase classname="zdevelop.tests.test_test_utils.TestValidateResponse" file="zdevelop/tests/test_test_utils.py" line="97" name="test_validate_headers_wrong" time="0.001"><system-out>RESPONSE: &lt;Response [200]&gt;

HEADERS:
{
    &quot;fake&quot;: &quot;header&quot;
}

CONTENT:
None
</system-out></testcase><testcase classname="zdevelop.tests.test_test_utils.TestValidateResponse" file="zdevelop/tests/test_test_utils.py" line="105" name="test_validate_data_schema" time="0.001"><system-out>RESPONSE: &lt;Response [200]&gt;

HEADERS:
{}

JSON:
{
    &quot;first&quot;: &quot;Harry&quot;,
    &quot;last&quot;: &quot;Potter&quot;
}
</system-out></testcase><testcase classname="zdevelop.tests.test_test_utils.TestValidateResponse" file="zdevelop/tests/test_test_utils.py" line="113" name="test_data_schema_bson" time="0.002"><system-out>RESPONSE: &lt;Response [200]&gt;

HEADERS:
{
    &quot;Content-Type&quot;: &quot;application/bson&quot;
}

CONTENT:
b&quot;&apos;\x00\x00\x00\x02first\x00\x06\x00\x00\x00Harry\x00\x02last\x00\x07\x00\x00\x00Potter\x00\x00&quot;
</system-out></testcase><testcase classname="zdevelop.tests.test_test_utils.TestValidateResponse" file="zdevelop/tests/test_test_utils.py" line="122" name="test_data_schema_bson_many" time="0.002"><system-out>RESPONSE: &lt;Response [200]&gt;

HEADERS:
{
    &quot;Content-Type&quot;: &quot;application/bson&quot;
}

CONTENT:
b&quot;\xe2\x90\x9e&apos;\x00\x00\x00\x02first\x00\x06\x00\x00\x00Harry\x00\x02last\x00\x07\x00\x00\x00Potter\x00\x00\xe2\x90\x9e+\x00\x00\x00\x02first\x00\t\x00\x00\x00Hermione\x00\x02last\x00\x08\x00\x00\x00Granger\x00\x00&quot;
</system-out></testcase><testcase classname="zdevelop.tests.test_test_utils.TestValidateResponse" file="zdevelop/tests/test_test_utils.py" line="140" name="test_data_schema_bson_many_single" time="0.001"><system-out>RESPONSE: &lt;Response [200]&gt;

HEADERS:
{
    &quot;Content-Type&quot;: &quot;application/bson&quot;
}

CONTENT:
b&quot;\xe2\x90\x9e&apos;\x00\x00\x00\x02first\x00\x06\x00\x00\x00Harry\x00\x02last\x00\x07\x00\x00\x00Potter\x00\x00&quot;
</system-out></testcase><testcase classname="zdevelop.tests.test_test_utils.TestValidateResponse" file="zdevelop/tests/test_test_utils.py" line="152" name="test_validate_data_load_error" time="0.001"><system-out>RESPONSE: &lt;Response [200]&gt;

HEADERS:
{}

CONTENT:
b&apos;\x00\x00\x00\x00\x00\x00\x00\x00\x00\x00&apos;
</system-out></testcase><testcase classname="zdevelop.tests.test_test_utils.TestValidateResponse" file="zdevelop/tests/test_test_utils.py" line="160" name="test_validate_data_validation_error" time="0.001"><system-out>RESPONSE: &lt;Response [200]&gt;

HEADERS:
{}

JSON:
{
    &quot;first&quot;: &quot;Harry&quot;
}
</system-out></testcase><testcase classname="zdevelop.tests.test_test_utils.TestValidateResponse" file="zdevelop/tests/test_test_utils.py" line="168" name="test_validate_paging" time="0.001"><system-out>RESPONSE: &lt;Response [200]&gt;

HEADERS:
{
    &quot;paging-next&quot;: &quot;www.url.com/next&quot;,
    &quot;paging-previous&quot;: &quot;www.url.com/previous&quot;,
    &quot;paging-offset&quot;: 5,
    &quot;paging-limit&quot;: 5,
    &quot;paging-current-page&quot;: 2,
    &quot;paging-total-pages&quot;: 10,
    &quot;paging-total-items&quot;: 50
}

CONTENT:
None
</system-out></testcase><testcase classname="zdevelop.tests.test_test_utils.TestValidateResponse" file="zdevelop/tests/test_test_utils.py" line="193" name="test_validate_paging_raises" time="0.001"><system-out>RESPONSE: &lt;Response [200]&gt;

HEADERS:
{
    &quot;paging-next&quot;: &quot;www.url.com/next&quot;,
    &quot;paging-previous&quot;: &quot;www.url.com/previous&quot;,
    &quot;paging-offset&quot;: 5,
    &quot;paging-limit&quot;: 5,
    &quot;paging-current-page&quot;: 2,
    &quot;paging-total-pages&quot;: 10,
    &quot;paging-total-items&quot;: 50
}

CONTENT:
None
</system-out></testcase><testcase classname="zdevelop.tests.test_test_utils.TestValidateResponse" file="zdevelop/tests/test_test_utils.py" line="219" name="test_validate_paging_no_urls" time="0.001"><system-out>RESPONSE: &lt;Response [200]&gt;

HEADERS:
{
    &quot;paging-next&quot;: &quot;www.url.com/next&quot;,
    &quot;paging-previous&quot;: &quot;www.url.com/previous&quot;,
    &quot;paging-offset&quot;: 5,
    &quot;paging-limit&quot;: 5,
    &quot;paging-current-page&quot;: 2,
    &quot;paging-total-pages&quot;: 10,
    &quot;paging-total-items&quot;: 50
}

CONTENT:
None
</system-out></testcase><testcase classname="zdevelop.tests.test_test_utils.TestValidateResponse" file="zdevelop/tests/test_test_utils.py" line="246" name="test_validate_paging_no_urls_raises" time="0.001"><system-out>RESPONSE: &lt;Response [200]&gt;

HEADERS:
{
    &quot;paging-next&quot;: &quot;www.url.com/next&quot;,
    &quot;paging-previous&quot;: &quot;www.url.com/previous&quot;,
    &quot;paging-offset&quot;: 5,
    &quot;paging-limit&quot;: 5,
    &quot;paging-current-page&quot;: 2,
    &quot;paging-total-pages&quot;: 10,
    &quot;paging-total-items&quot;: 50
}

CONTENT:
None
</system-out></testcase><testcase classname="zdevelop.tests.test_test_utils.TestValidateError" file="zdevelop/tests/test_test_utils.py" line="274" name="test_validate_error" time="0.001"><system-out>RESPONSE: &lt;Response [400]&gt;

HEADERS:
{
    &quot;error-name&quot;: &quot;NothingToReturnError&quot;,
    &quot;error-code&quot;: 1002,
    &quot;error-message&quot;: &quot;some message&quot;,
    &quot;error-id&quot;: &quot;5097926e-5ee8-4ec2-bb10-3ace37b4c1ea&quot;
}

CONTENT:
None
</system-out></testcase><testcase classname="zdevelop.tests.test_test_utils.TestValidateError" file="zdevelop/tests/test_test_utils.py" line="286" name="test_status_mismatch" time="0.001"><system-out>RESPONSE: &lt;Response [200]&gt;

HEADERS:
{
    &quot;error-name&quot;: &quot;NothingToReturnError&quot;,
    &quot;error-code&quot;: 1002,
    &quot;error-message&quot;: &quot;some message&quot;,
    &quot;error-id&quot;: &quot;47cc46a0-9335-4756-94a5-71b3e4b2ff67&quot;
}

CONTENT:
None
</system-out></testcase><testcase classname="zdevelop.tests.test_test_utils.TestValidateError" file="zdevelop/tests/test_test_utils.py" line="299" name="test_validate_error_wrong_error" time="0.001"><system-out>RESPONSE: &lt;Response [200]&gt;

HEADERS:
{
    &quot;error-name&quot;: &quot;NothingToReturnError&quot;,
    &quot;error-code&quot;: 1002,
    &quot;error-message&quot;: &quot;some message&quot;,
    &quot;error-id&quot;: &quot;84fda18f-2ea0-4788-949d-adc7ae655d9c&quot;
}

CONTENT:
None
</system-out></testcase><testcase classname="zdevelop.tests.test_test_utils.TestValidateError" file="zdevelop/tests/test_test_utils.py" line="312" name="test_validate_error_no_error" time="0.001"><system-out>RESPONSE: &lt;Response [200]&gt;

HEADERS:
{}

CONTENT:
None
</system-out></testcase><testcase classname="zdevelop.tests.test_test_utils.TestValidateError" file="zdevelop/tests/test_test_utils.py" line="320" name="test_validate_error_no_error_no_headers" time="0.001"><system-out>RESPONSE: &lt;Response [200]&gt;

HEADERS:
{}

CONTENT:
None
</system-out></testcase><testcase classname="zdevelop.tests.test_test_utils.TestPrintedInfo" file="zdevelop/tests/test_test_utils.py" line="329" name="test_basic" time="0.001"></testcase><testcase classname="zdevelop.tests.test_test_utils.TestPrintedInfo" file="zdevelop/tests/test_test_utils.py" line="339" name="test_text" time="0.001"></testcase><testcase classname="zdevelop.tests.test_test_utils.TestPrintedInfo" file="zdevelop/tests/test_test_utils.py" line="351" name="test_body" time="0.002"></testcase><testcase classname="zdevelop.tests.test_test_utils.TestPrintedInfo" file="zdevelop/tests/test_test_utils.py" line="363" name="test_body_not_json" time="0.001"></testcase></testsuite></testsuites>